The system is: Linux - 3.10.0-1160.90.1.el7.x86_64 - x86_64
Compiling the C compiler identification source file "CMakeCCompilerId.c" succeeded.
Compiler: /apps/spack/gilbreth/apps/gcc/9.3.0-gcc-4.8.5-lquyj5b/bin/gcc 
Build flags: 
Id flags:  

The output was:
0
/usr/bin/uuidgen: /apps/spack/gilbreth/apps/anaconda/2020.11-py38-gcc-4.8.5-djkvkvk/lib/libuuid.so.1: no version information available (required by /usr/bin/uuidgen)


Compilation of the C compiler identification source "CMakeCCompilerId.c" produced "a.out"

The C compiler identification is GNU, found in "/home/das90/GNNcodes/CVE2020/GNN-NC/Graph-Sparsification/CPPsamplerPy/build/CMakeFiles/3.15.4/CompilerIdC/a.out"

Compiling the CXX compiler identification source file "CMakeCXXCompilerId.cpp" succeeded.
Compiler: /apps/spack/gilbreth/apps/gcc/9.3.0-gcc-4.8.5-lquyj5b/bin/g++ 
Build flags: 
Id flags:  

The output was:
0
/usr/bin/uuidgen: /apps/spack/gilbreth/apps/anaconda/2020.11-py38-gcc-4.8.5-djkvkvk/lib/libuuid.so.1: no version information available (required by /usr/bin/uuidgen)


Compilation of the CXX compiler identification source "CMakeCXXCompilerId.cpp" produced "a.out"

The CXX compiler identification is GNU, found in "/home/das90/GNNcodes/CVE2020/GNN-NC/Graph-Sparsification/CPPsamplerPy/build/CMakeFiles/3.15.4/CompilerIdCXX/a.out"

Determining if the C compiler works passed with the following output:
Change Dir: /home/das90/GNNcodes/CVE2020/GNN-NC/Graph-Sparsification/CPPsamplerPy/build/CMakeFiles/CMakeTmp

Run Build Command(s):/bin/gmake cmTC_6e6bf/fast && /bin/gmake -f CMakeFiles/cmTC_6e6bf.dir/build.make CMakeFiles/cmTC_6e6bf.dir/build
gmake[1]: Entering directory `/home/das90/GNNcodes/CVE2020/GNN-NC/Graph-Sparsification/CPPsamplerPy/build/CMakeFiles/CMakeTmp'
Building C object CMakeFiles/cmTC_6e6bf.dir/testCCompiler.c.o
/apps/spack/gilbreth/apps/gcc/9.3.0-gcc-4.8.5-lquyj5b/bin/gcc    -o CMakeFiles/cmTC_6e6bf.dir/testCCompiler.c.o   -c /home/das90/GNNcodes/CVE2020/GNN-NC/Graph-Sparsification/CPPsamplerPy/build/CMakeFiles/CMakeTmp/testCCompiler.c
Linking C executable cmTC_6e6bf
/apps/spack/gilbreth/apps/cmake/3.15.4-gcc-4.8.5-n32j6id/bin/cmake -E cmake_link_script CMakeFiles/cmTC_6e6bf.dir/link.txt --verbose=1
/apps/spack/gilbreth/apps/gcc/9.3.0-gcc-4.8.5-lquyj5b/bin/gcc      -rdynamic CMakeFiles/cmTC_6e6bf.dir/testCCompiler.c.o  -o cmTC_6e6bf 
/usr/bin/uuidgen: /apps/spack/gilbreth/apps/anaconda/2020.11-py38-gcc-4.8.5-djkvkvk/lib/libuuid.so.1: no version information available (required by /usr/bin/uuidgen)
gmake[1]: Leaving directory `/home/das90/GNNcodes/CVE2020/GNN-NC/Graph-Sparsification/CPPsamplerPy/build/CMakeFiles/CMakeTmp'



Detecting C compiler ABI info compiled with the following output:
Change Dir: /home/das90/GNNcodes/CVE2020/GNN-NC/Graph-Sparsification/CPPsamplerPy/build/CMakeFiles/CMakeTmp

Run Build Command(s):/bin/gmake cmTC_d4a35/fast && /bin/gmake -f CMakeFiles/cmTC_d4a35.dir/build.make CMakeFiles/cmTC_d4a35.dir/build
gmake[1]: Entering directory `/home/das90/GNNcodes/CVE2020/GNN-NC/Graph-Sparsification/CPPsamplerPy/build/CMakeFiles/CMakeTmp'
Building C object CMakeFiles/cmTC_d4a35.dir/CMakeCCompilerABI.c.o
/apps/spack/gilbreth/apps/gcc/9.3.0-gcc-4.8.5-lquyj5b/bin/gcc   -v -o CMakeFiles/cmTC_d4a35.dir/CMakeCCompilerABI.c.o   -c /apps/spack/gilbreth/apps/cmake/3.15.4-gcc-4.8.5-n32j6id/share/cmake-3.15/Modules/CMakeCCompilerABI.c
Reading specs from /apps/spack/gilbreth/apps/gcc/9.3.0-gcc-4.8.5-lquyj5b/lib/gcc/x86_64-pc-linux-gnu/9.3.0/specs
COLLECT_GCC=/apps/spack/gilbreth/apps/gcc/9.3.0-gcc-4.8.5-lquyj5b/bin/gcc
Target: x86_64-pc-linux-gnu
Configured with: /tmp/rcactest/spack-stage-gcc-9.3.0-lquyj5bab5rtiyi2h5vgbkj53yvgpviy/spack-src/configure --prefix=/apps/spack/gilbreth/apps/gcc/9.3.0-gcc-4.8.5-lquyj5b --with-pkgversion='Spack GCC' --with-bugurl=https://github.com/spack/spack/issues --disable-multilib --enable-languages=c,c++,fortran --disable-nls --with-system-zlib --with-mpfr-include=/apps/spack/gilbreth/apps/mpfr/3.1.6-gcc-4.8.5-nsgsjfy/include --with-mpfr-lib=/apps/spack/gilbreth/apps/mpfr/3.1.6-gcc-4.8.5-nsgsjfy/lib --with-gmp-include=/apps/spack/gilbreth/apps/gmp/6.1.2-gcc-4.8.5-zn55wh7/include --with-gmp-lib=/apps/spack/gilbreth/apps/gmp/6.1.2-gcc-4.8.5-zn55wh7/lib --with-mpc-include=/apps/spack/gilbreth/apps/mpc/1.1.0-gcc-4.8.5-eogmmao/include --with-mpc-lib=/apps/spack/gilbreth/apps/mpc/1.1.0-gcc-4.8.5-eogmmao/lib --with-isl-include=/apps/spack/gilbreth/apps/isl/0.20-gcc-4.8.5-hyy2twd/include --with-isl-lib=/apps/spack/gilbreth/apps/isl/0.20-gcc-4.8.5-hyy2twd/lib --with-stage1-ldflags='-Wl,-rpath,/apps/spack/gilbreth/apps/gcc/9.3.0-gcc-4.8.5-lquyj5b/lib -Wl,-rpath,/apps/spack/gilbreth/apps/gcc/9.3.0-gcc-4.8.5-lquyj5b/lib64 -Wl,-rpath,/apps/spack/gilbreth/apps/gmp/6.1.2-gcc-4.8.5-zn55wh7/lib -Wl,-rpath,/apps/spack/gilbreth/apps/mpfr/3.1.6-gcc-4.8.5-nsgsjfy/lib -Wl,-rpath,/apps/spack/gilbreth/apps/mpc/1.1.0-gcc-4.8.5-eogmmao/lib -Wl,-rpath,/apps/spack/gilbreth/apps/isl/0.20-gcc-4.8.5-hyy2twd/lib -Wl,-rpath,/apps/spack/gilbreth/apps/zlib/1.2.11-gcc-4.8.5-pkmj6e7/lib' --with-boot-ldflags='-Wl,-rpath,/apps/spack/gilbreth/apps/gcc/9.3.0-gcc-4.8.5-lquyj5b/lib -Wl,-rpath,/apps/spack/gilbreth/apps/gcc/9.3.0-gcc-4.8.5-lquyj5b/lib64 -Wl,-rpath,/apps/spack/gilbreth/apps/gmp/6.1.2-gcc-4.8.5-zn55wh7/lib -Wl,-rpath,/apps/spack/gilbreth/apps/mpfr/3.1.6-gcc-4.8.5-nsgsjfy/lib -Wl,-rpath,/apps/spack/gilbreth/apps/mpc/1.1.0-gcc-4.8.5-eogmmao/lib -Wl,-rpath,/apps/spack/gilbreth/apps/isl/0.20-gcc-4.8.5-hyy2twd/lib -Wl,-rpath,/apps/spack/gilbreth/apps/zlib/1.2.11-gcc-4.8.5-pkmj6e7/lib -static-libstdc++ -static-libgcc'
Thread model: posix
gcc version 9.3.0 (Spack GCC) 
COLLECT_GCC_OPTIONS='-v' '-o' 'CMakeFiles/cmTC_d4a35.dir/CMakeCCompilerABI.c.o' '-c' '-mtune=generic' '-march=x86-64'
 /apps/spack/gilbreth/apps/gcc/9.3.0-gcc-4.8.5-lquyj5b/libexec/gcc/x86_64-pc-linux-gnu/9.3.0/cc1 -quiet -v /apps/spack/gilbreth/apps/cmake/3.15.4-gcc-4.8.5-n32j6id/share/cmake-3.15/Modules/CMakeCCompilerABI.c -quiet -dumpbase CMakeCCompilerABI.c -mtune=generic -march=x86-64 -auxbase-strip CMakeFiles/cmTC_d4a35.dir/CMakeCCompilerABI.c.o -version -o /tmp/cc20GH5N.s
GNU C17 (Spack GCC) version 9.3.0 (x86_64-pc-linux-gnu)
	compiled by GNU C version 9.3.0, GMP version 6.1.2, MPFR version 3.1.6-p2, MPC version 1.1.0, isl version isl-0.20-GMP

GGC heuristics: --param ggc-min-expand=100 --param ggc-min-heapsize=131072
ignoring nonexistent directory "/apps/spack/gilbreth/apps/gcc/9.3.0-gcc-4.8.5-lquyj5b/lib/gcc/x86_64-pc-linux-gnu/9.3.0/../../../../x86_64-pc-linux-gnu/include"
ignoring duplicate directory "/apps/spack/gilbreth/apps/gcc/9.3.0-gcc-4.8.5-lquyj5b/include"
  as it is a non-system directory that duplicates a system directory
ignoring duplicate directory "/apps/gilbreth/cudnn/cuda11.2/8.1.0/include"
  as it is a non-system directory that duplicates a system directory
#include "..." search starts here:
#include <...> search starts here:
 /apps/spack/gilbreth/apps/zlib/1.2.11-gcc-9.3.0-7x3gabj/include
 /apps/spack/gilbreth/apps/mpc/1.1.0-gcc-4.8.5-eogmmao/include
 /apps/spack/gilbreth/apps/mpfr/3.1.6-gcc-4.8.5-nsgsjfy/include
 /apps/spack/gilbreth/apps/gmp/6.1.2-gcc-4.8.5-zn55wh7/include
 /apps/spack/gilbreth/apps/anaconda/2020.11-py38-gcc-4.8.5-djkvkvk/include
 /apps/gilbreth/cudnn/cuda11.2/8.1.0/include
 /apps/gilbreth/cuda-toolkit/cuda-11.2.0/include
 /apps/spack/gilbreth/apps/gcc/9.3.0-gcc-4.8.5-lquyj5b/lib/gcc/x86_64-pc-linux-gnu/9.3.0/include
 /usr/local/include
 /apps/spack/gilbreth/apps/gcc/9.3.0-gcc-4.8.5-lquyj5b/include
 /apps/spack/gilbreth/apps/gcc/9.3.0-gcc-4.8.5-lquyj5b/lib/gcc/x86_64-pc-linux-gnu/9.3.0/include-fixed
 /usr/include
End of search list.
GNU C17 (Spack GCC) version 9.3.0 (x86_64-pc-linux-gnu)
	compiled by GNU C version 9.3.0, GMP version 6.1.2, MPFR version 3.1.6-p2, MPC version 1.1.0, isl version isl-0.20-GMP

GGC heuristics: --param ggc-min-expand=100 --param ggc-min-heapsize=131072
Compiler executable checksum: 8a080498d0bb82f97965129490180d4b
COLLECT_GCC_OPTIONS='-v' '-o' 'CMakeFiles/cmTC_d4a35.dir/CMakeCCompilerABI.c.o' '-c' '-mtune=generic' '-march=x86-64'
 as -v --64 -o CMakeFiles/cmTC_d4a35.dir/CMakeCCompilerABI.c.o /tmp/cc20GH5N.s
GNU assembler version 2.27 (x86_64-redhat-linux) using BFD version version 2.27-44.base.el7_9.1
COMPILER_PATH=/apps/spack/gilbreth/apps/gcc/9.3.0-gcc-4.8.5-lquyj5b/libexec/gcc/x86_64-pc-linux-gnu/9.3.0/:/apps/spack/gilbreth/apps/gcc/9.3.0-gcc-4.8.5-lquyj5b/libexec/gcc/x86_64-pc-linux-gnu/9.3.0/:/apps/spack/gilbreth/apps/gcc/9.3.0-gcc-4.8.5-lquyj5b/libexec/gcc/x86_64-pc-linux-gnu/:/apps/spack/gilbreth/apps/gcc/9.3.0-gcc-4.8.5-lquyj5b/lib/gcc/x86_64-pc-linux-gnu/9.3.0/:/apps/spack/gilbreth/apps/gcc/9.3.0-gcc-4.8.5-lquyj5b/lib/gcc/x86_64-pc-linux-gnu/
LIBRARY_PATH=/apps/spack/gilbreth/apps/gcc/9.3.0-gcc-4.8.5-lquyj5b/lib64/../lib64/:/apps/spack/gilbreth/apps/gcc/9.3.0-gcc-4.8.5-lquyj5b/lib/../lib64/:/apps/gilbreth/cudnn/cuda11.2/8.1.0/lib64/../lib64/:/apps/spack/gilbreth/apps/gcc/9.3.0-gcc-4.8.5-lquyj5b/lib/gcc/x86_64-pc-linux-gnu/9.3.0/:/apps/spack/gilbreth/apps/gcc/9.3.0-gcc-4.8.5-lquyj5b/lib/gcc/x86_64-pc-linux-gnu/9.3.0/../../../../lib64/:/lib/../lib64/:/usr/lib/../lib64/:/apps/spack/gilbreth/apps/gcc/9.3.0-gcc-4.8.5-lquyj5b/lib64/:/apps/spack/gilbreth/apps/gcc/9.3.0-gcc-4.8.5-lquyj5b/lib/:/apps/spack/gilbreth/apps/zlib/1.2.11-gcc-9.3.0-7x3gabj/lib/:/apps/spack/gilbreth/apps/mpc/1.1.0-gcc-4.8.5-eogmmao/lib/:/apps/spack/gilbreth/apps/mpfr/3.1.6-gcc-4.8.5-nsgsjfy/lib/:/apps/spack/gilbreth/apps/gmp/6.1.2-gcc-4.8.5-zn55wh7/lib/:/apps/gilbreth/cudnn/cuda11.2/8.1.0/lib64/:/apps/spack/gilbreth/apps/anaconda/2020.11-py38-gcc-4.8.5-djkvkvk/lib/:/apps/spack/gilbreth/apps/gcc/9.3.0-gcc-4.8.5-lquyj5b/lib/gcc/x86_64-pc-linux-gnu/9.3.0/../../../:/lib/:/usr/lib/
COLLECT_GCC_OPTIONS='-v' '-o' 'CMakeFiles/cmTC_d4a35.dir/CMakeCCompilerABI.c.o' '-c' '-mtune=generic' '-march=x86-64'
Linking C executable cmTC_d4a35
/apps/spack/gilbreth/apps/cmake/3.15.4-gcc-4.8.5-n32j6id/bin/cmake -E cmake_link_script CMakeFiles/cmTC_d4a35.dir/link.txt --verbose=1
/apps/spack/gilbreth/apps/gcc/9.3.0-gcc-4.8.5-lquyj5b/bin/gcc     -v -rdynamic CMakeFiles/cmTC_d4a35.dir/CMakeCCompilerABI.c.o  -o cmTC_d4a35 
Reading specs from /apps/spack/gilbreth/apps/gcc/9.3.0-gcc-4.8.5-lquyj5b/lib/gcc/x86_64-pc-linux-gnu/9.3.0/specs
COLLECT_GCC=/apps/spack/gilbreth/apps/gcc/9.3.0-gcc-4.8.5-lquyj5b/bin/gcc
COLLECT_LTO_WRAPPER=/apps/spack/gilbreth/apps/gcc/9.3.0-gcc-4.8.5-lquyj5b/libexec/gcc/x86_64-pc-linux-gnu/9.3.0/lto-wrapper
Target: x86_64-pc-linux-gnu
Configured with: /tmp/rcactest/spack-stage-gcc-9.3.0-lquyj5bab5rtiyi2h5vgbkj53yvgpviy/spack-src/configure --prefix=/apps/spack/gilbreth/apps/gcc/9.3.0-gcc-4.8.5-lquyj5b --with-pkgversion='Spack GCC' --with-bugurl=https://github.com/spack/spack/issues --disable-multilib --enable-languages=c,c++,fortran --disable-nls --with-system-zlib --with-mpfr-include=/apps/spack/gilbreth/apps/mpfr/3.1.6-gcc-4.8.5-nsgsjfy/include --with-mpfr-lib=/apps/spack/gilbreth/apps/mpfr/3.1.6-gcc-4.8.5-nsgsjfy/lib --with-gmp-include=/apps/spack/gilbreth/apps/gmp/6.1.2-gcc-4.8.5-zn55wh7/include --with-gmp-lib=/apps/spack/gilbreth/apps/gmp/6.1.2-gcc-4.8.5-zn55wh7/lib --with-mpc-include=/apps/spack/gilbreth/apps/mpc/1.1.0-gcc-4.8.5-eogmmao/include --with-mpc-lib=/apps/spack/gilbreth/apps/mpc/1.1.0-gcc-4.8.5-eogmmao/lib --with-isl-include=/apps/spack/gilbreth/apps/isl/0.20-gcc-4.8.5-hyy2twd/include --with-isl-lib=/apps/spack/gilbreth/apps/isl/0.20-gcc-4.8.5-hyy2twd/lib --with-stage1-ldflags='-Wl,-rpath,/apps/spack/gilbreth/apps/gcc/9.3.0-gcc-4.8.5-lquyj5b/lib -Wl,-rpath,/apps/spack/gilbreth/apps/gcc/9.3.0-gcc-4.8.5-lquyj5b/lib64 -Wl,-rpath,/apps/spack/gilbreth/apps/gmp/6.1.2-gcc-4.8.5-zn55wh7/lib -Wl,-rpath,/apps/spack/gilbreth/apps/mpfr/3.1.6-gcc-4.8.5-nsgsjfy/lib -Wl,-rpath,/apps/spack/gilbreth/apps/mpc/1.1.0-gcc-4.8.5-eogmmao/lib -Wl,-rpath,/apps/spack/gilbreth/apps/isl/0.20-gcc-4.8.5-hyy2twd/lib -Wl,-rpath,/apps/spack/gilbreth/apps/zlib/1.2.11-gcc-4.8.5-pkmj6e7/lib' --with-boot-ldflags='-Wl,-rpath,/apps/spack/gilbreth/apps/gcc/9.3.0-gcc-4.8.5-lquyj5b/lib -Wl,-rpath,/apps/spack/gilbreth/apps/gcc/9.3.0-gcc-4.8.5-lquyj5b/lib64 -Wl,-rpath,/apps/spack/gilbreth/apps/gmp/6.1.2-gcc-4.8.5-zn55wh7/lib -Wl,-rpath,/apps/spack/gilbreth/apps/mpfr/3.1.6-gcc-4.8.5-nsgsjfy/lib -Wl,-rpath,/apps/spack/gilbreth/apps/mpc/1.1.0-gcc-4.8.5-eogmmao/lib -Wl,-rpath,/apps/spack/gilbreth/apps/isl/0.20-gcc-4.8.5-hyy2twd/lib -Wl,-rpath,/apps/spack/gilbreth/apps/zlib/1.2.11-gcc-4.8.5-pkmj6e7/lib -static-libstdc++ -static-libgcc'
Thread model: posix
gcc version 9.3.0 (Spack GCC) 
COMPILER_PATH=/apps/spack/gilbreth/apps/gcc/9.3.0-gcc-4.8.5-lquyj5b/libexec/gcc/x86_64-pc-linux-gnu/9.3.0/:/apps/spack/gilbreth/apps/gcc/9.3.0-gcc-4.8.5-lquyj5b/libexec/gcc/x86_64-pc-linux-gnu/9.3.0/:/apps/spack/gilbreth/apps/gcc/9.3.0-gcc-4.8.5-lquyj5b/libexec/gcc/x86_64-pc-linux-gnu/:/apps/spack/gilbreth/apps/gcc/9.3.0-gcc-4.8.5-lquyj5b/lib/gcc/x86_64-pc-linux-gnu/9.3.0/:/apps/spack/gilbreth/apps/gcc/9.3.0-gcc-4.8.5-lquyj5b/lib/gcc/x86_64-pc-linux-gnu/
LIBRARY_PATH=/apps/spack/gilbreth/apps/gcc/9.3.0-gcc-4.8.5-lquyj5b/lib64/../lib64/:/apps/spack/gilbreth/apps/gcc/9.3.0-gcc-4.8.5-lquyj5b/lib/../lib64/:/apps/gilbreth/cudnn/cuda11.2/8.1.0/lib64/../lib64/:/apps/spack/gilbreth/apps/gcc/9.3.0-gcc-4.8.5-lquyj5b/lib/gcc/x86_64-pc-linux-gnu/9.3.0/:/apps/spack/gilbreth/apps/gcc/9.3.0-gcc-4.8.5-lquyj5b/lib/gcc/x86_64-pc-linux-gnu/9.3.0/../../../../lib64/:/lib/../lib64/:/usr/lib/../lib64/:/apps/spack/gilbreth/apps/gcc/9.3.0-gcc-4.8.5-lquyj5b/lib64/:/apps/spack/gilbreth/apps/gcc/9.3.0-gcc-4.8.5-lquyj5b/lib/:/apps/spack/gilbreth/apps/zlib/1.2.11-gcc-9.3.0-7x3gabj/lib/:/apps/spack/gilbreth/apps/mpc/1.1.0-gcc-4.8.5-eogmmao/lib/:/apps/spack/gilbreth/apps/mpfr/3.1.6-gcc-4.8.5-nsgsjfy/lib/:/apps/spack/gilbreth/apps/gmp/6.1.2-gcc-4.8.5-zn55wh7/lib/:/apps/gilbreth/cudnn/cuda11.2/8.1.0/lib64/:/apps/spack/gilbreth/apps/anaconda/2020.11-py38-gcc-4.8.5-djkvkvk/lib/:/apps/spack/gilbreth/apps/gcc/9.3.0-gcc-4.8.5-lquyj5b/lib/gcc/x86_64-pc-linux-gnu/9.3.0/../../../:/lib/:/usr/lib/
COLLECT_GCC_OPTIONS='-v' '-rdynamic' '-o' 'cmTC_d4a35' '-mtune=generic' '-march=x86-64'
 /apps/spack/gilbreth/apps/gcc/9.3.0-gcc-4.8.5-lquyj5b/libexec/gcc/x86_64-pc-linux-gnu/9.3.0/collect2 -plugin /apps/spack/gilbreth/apps/gcc/9.3.0-gcc-4.8.5-lquyj5b/libexec/gcc/x86_64-pc-linux-gnu/9.3.0/liblto_plugin.so -plugin-opt=/apps/spack/gilbreth/apps/gcc/9.3.0-gcc-4.8.5-lquyj5b/libexec/gcc/x86_64-pc-linux-gnu/9.3.0/lto-wrapper -plugin-opt=-fresolution=/tmp/cc8r2vJQ.res -plugin-opt=-pass-through=-lgcc -plugin-opt=-pass-through=-lgcc_s -plugin-opt=-pass-through=-lc -plugin-opt=-pass-through=-lgcc -plugin-opt=-pass-through=-lgcc_s -rpath /apps/spack/gilbreth/apps/gcc/9.3.0-gcc-4.8.5-lquyj5b/lib:/apps/spack/gilbreth/apps/gcc/9.3.0-gcc-4.8.5-lquyj5b/lib64 --eh-frame-hdr -m elf_x86_64 -export-dynamic -dynamic-linker /lib64/ld-linux-x86-64.so.2 -o cmTC_d4a35 /lib/../lib64/crt1.o /lib/../lib64/crti.o /apps/spack/gilbreth/apps/gcc/9.3.0-gcc-4.8.5-lquyj5b/lib/gcc/x86_64-pc-linux-gnu/9.3.0/crtbegin.o -L/apps/spack/gilbreth/apps/gcc/9.3.0-gcc-4.8.5-lquyj5b/lib64/../lib64 -L/apps/spack/gilbreth/apps/gcc/9.3.0-gcc-4.8.5-lquyj5b/lib/../lib64 -L/apps/gilbreth/cudnn/cuda11.2/8.1.0/lib64/../lib64 -L/apps/spack/gilbreth/apps/gcc/9.3.0-gcc-4.8.5-lquyj5b/lib/gcc/x86_64-pc-linux-gnu/9.3.0 -L/apps/spack/gilbreth/apps/gcc/9.3.0-gcc-4.8.5-lquyj5b/lib/gcc/x86_64-pc-linux-gnu/9.3.0/../../../../lib64 -L/lib/../lib64 -L/usr/lib/../lib64 -L/apps/spack/gilbreth/apps/gcc/9.3.0-gcc-4.8.5-lquyj5b/lib64 -L/apps/spack/gilbreth/apps/gcc/9.3.0-gcc-4.8.5-lquyj5b/lib -L/apps/spack/gilbreth/apps/zlib/1.2.11-gcc-9.3.0-7x3gabj/lib -L/apps/spack/gilbreth/apps/mpc/1.1.0-gcc-4.8.5-eogmmao/lib -L/apps/spack/gilbreth/apps/mpfr/3.1.6-gcc-4.8.5-nsgsjfy/lib -L/apps/spack/gilbreth/apps/gmp/6.1.2-gcc-4.8.5-zn55wh7/lib -L/apps/gilbreth/cudnn/cuda11.2/8.1.0/lib64 -L/apps/spack/gilbreth/apps/anaconda/2020.11-py38-gcc-4.8.5-djkvkvk/lib -L/apps/spack/gilbreth/apps/gcc/9.3.0-gcc-4.8.5-lquyj5b/lib/gcc/x86_64-pc-linux-gnu/9.3.0/../../.. CMakeFiles/cmTC_d4a35.dir/CMakeCCompilerABI.c.o -lgcc --as-needed -lgcc_s --no-as-needed -lc -lgcc --as-needed -lgcc_s --no-as-needed /apps/spack/gilbreth/apps/gcc/9.3.0-gcc-4.8.5-lquyj5b/lib/gcc/x86_64-pc-linux-gnu/9.3.0/crtend.o /lib/../lib64/crtn.o
/usr/bin/uuidgen: /apps/spack/gilbreth/apps/anaconda/2020.11-py38-gcc-4.8.5-djkvkvk/lib/libuuid.so.1: no version information available (required by /usr/bin/uuidgen)
COLLECT_GCC_OPTIONS='-v' '-rdynamic' '-o' 'cmTC_d4a35' '-mtune=generic' '-march=x86-64'
gmake[1]: Leaving directory `/home/das90/GNNcodes/CVE2020/GNN-NC/Graph-Sparsification/CPPsamplerPy/build/CMakeFiles/CMakeTmp'



Parsed C implicit include dir info from above output: rv=done
  found start of include info
  found start of implicit include info
    add: [/apps/spack/gilbreth/apps/zlib/1.2.11-gcc-9.3.0-7x3gabj/include]
    add: [/apps/spack/gilbreth/apps/mpc/1.1.0-gcc-4.8.5-eogmmao/include]
    add: [/apps/spack/gilbreth/apps/mpfr/3.1.6-gcc-4.8.5-nsgsjfy/include]
    add: [/apps/spack/gilbreth/apps/gmp/6.1.2-gcc-4.8.5-zn55wh7/include]
    add: [/apps/spack/gilbreth/apps/anaconda/2020.11-py38-gcc-4.8.5-djkvkvk/include]
    add: [/apps/gilbreth/cudnn/cuda11.2/8.1.0/include]
    add: [/apps/gilbreth/cuda-toolkit/cuda-11.2.0/include]
    add: [/apps/spack/gilbreth/apps/gcc/9.3.0-gcc-4.8.5-lquyj5b/lib/gcc/x86_64-pc-linux-gnu/9.3.0/include]
    add: [/usr/local/include]
    add: [/apps/spack/gilbreth/apps/gcc/9.3.0-gcc-4.8.5-lquyj5b/include]
    add: [/apps/spack/gilbreth/apps/gcc/9.3.0-gcc-4.8.5-lquyj5b/lib/gcc/x86_64-pc-linux-gnu/9.3.0/include-fixed]
    add: [/usr/include]
  end of search list found
  collapse include dir [/apps/spack/gilbreth/apps/zlib/1.2.11-gcc-9.3.0-7x3gabj/include] ==> [/apps/spack/gilbreth/apps/zlib/1.2.11-gcc-9.3.0-7x3gabj/include]
  collapse include dir [/apps/spack/gilbreth/apps/mpc/1.1.0-gcc-4.8.5-eogmmao/include] ==> [/apps/spack/gilbreth/apps/mpc/1.1.0-gcc-4.8.5-eogmmao/include]
  collapse include dir [/apps/spack/gilbreth/apps/mpfr/3.1.6-gcc-4.8.5-nsgsjfy/include] ==> [/apps/spack/gilbreth/apps/mpfr/3.1.6-gcc-4.8.5-nsgsjfy/include]
  collapse include dir [/apps/spack/gilbreth/apps/gmp/6.1.2-gcc-4.8.5-zn55wh7/include] ==> [/apps/spack/gilbreth/apps/gmp/6.1.2-gcc-4.8.5-zn55wh7/include]
  collapse include dir [/apps/spack/gilbreth/apps/anaconda/2020.11-py38-gcc-4.8.5-djkvkvk/include] ==> [/apps/spack/gilbreth/apps/anaconda/2020.11-py38-gcc-4.8.5-djkvkvk/include]
  collapse include dir [/apps/gilbreth/cudnn/cuda11.2/8.1.0/include] ==> [/apps/gilbreth/cudnn/cuda11.2/8.1.0/include]
  collapse include dir [/apps/gilbreth/cuda-toolkit/cuda-11.2.0/include] ==> [/apps/gilbreth/cuda-toolkit/cuda-11.2.0/include]
  collapse include dir [/apps/spack/gilbreth/apps/gcc/9.3.0-gcc-4.8.5-lquyj5b/lib/gcc/x86_64-pc-linux-gnu/9.3.0/include] ==> [/apps/spack/gilbreth/apps/gcc/9.3.0-gcc-4.8.5-lquyj5b/lib/gcc/x86_64-pc-linux-gnu/9.3.0/include]
  collapse include dir [/usr/local/include] ==> [/usr/local/include]
  collapse include dir [/apps/spack/gilbreth/apps/gcc/9.3.0-gcc-4.8.5-lquyj5b/include] ==> [/apps/spack/gilbreth/apps/gcc/9.3.0-gcc-4.8.5-lquyj5b/include]
  collapse include dir [/apps/spack/gilbreth/apps/gcc/9.3.0-gcc-4.8.5-lquyj5b/lib/gcc/x86_64-pc-linux-gnu/9.3.0/include-fixed] ==> [/apps/spack/gilbreth/apps/gcc/9.3.0-gcc-4.8.5-lquyj5b/lib/gcc/x86_64-pc-linux-gnu/9.3.0/include-fixed]
  collapse include dir [/usr/include] ==> [/usr/include]
  implicit include dirs: [/apps/spack/gilbreth/apps/zlib/1.2.11-gcc-9.3.0-7x3gabj/include;/apps/spack/gilbreth/apps/mpc/1.1.0-gcc-4.8.5-eogmmao/include;/apps/spack/gilbreth/apps/mpfr/3.1.6-gcc-4.8.5-nsgsjfy/include;/apps/spack/gilbreth/apps/gmp/6.1.2-gcc-4.8.5-zn55wh7/include;/apps/spack/gilbreth/apps/anaconda/2020.11-py38-gcc-4.8.5-djkvkvk/include;/apps/gilbreth/cudnn/cuda11.2/8.1.0/include;/apps/gilbreth/cuda-toolkit/cuda-11.2.0/include;/apps/spack/gilbreth/apps/gcc/9.3.0-gcc-4.8.5-lquyj5b/lib/gcc/x86_64-pc-linux-gnu/9.3.0/include;/usr/local/include;/apps/spack/gilbreth/apps/gcc/9.3.0-gcc-4.8.5-lquyj5b/include;/apps/spack/gilbreth/apps/gcc/9.3.0-gcc-4.8.5-lquyj5b/lib/gcc/x86_64-pc-linux-gnu/9.3.0/include-fixed;/usr/include]


Parsed C implicit link information from above output:
  link line regex: [^( *|.*[/\])(ld|CMAKE_LINK_STARTFILE-NOTFOUND|([^/\]+-)?ld|collect2)[^/\]*( |$)]
  ignore line: [Change Dir: /home/das90/GNNcodes/CVE2020/GNN-NC/Graph-Sparsification/CPPsamplerPy/build/CMakeFiles/CMakeTmp]
  ignore line: []
  ignore line: [Run Build Command(s):/bin/gmake cmTC_d4a35/fast && /bin/gmake -f CMakeFiles/cmTC_d4a35.dir/build.make CMakeFiles/cmTC_d4a35.dir/build]
  ignore line: [gmake[1]: Entering directory `/home/das90/GNNcodes/CVE2020/GNN-NC/Graph-Sparsification/CPPsamplerPy/build/CMakeFiles/CMakeTmp']
  ignore line: [Building C object CMakeFiles/cmTC_d4a35.dir/CMakeCCompilerABI.c.o]
  ignore line: [/apps/spack/gilbreth/apps/gcc/9.3.0-gcc-4.8.5-lquyj5b/bin/gcc   -v -o CMakeFiles/cmTC_d4a35.dir/CMakeCCompilerABI.c.o   -c /apps/spack/gilbreth/apps/cmake/3.15.4-gcc-4.8.5-n32j6id/share/cmake-3.15/Modules/CMakeCCompilerABI.c]
  ignore line: [Reading specs from /apps/spack/gilbreth/apps/gcc/9.3.0-gcc-4.8.5-lquyj5b/lib/gcc/x86_64-pc-linux-gnu/9.3.0/specs]
  ignore line: [COLLECT_GCC=/apps/spack/gilbreth/apps/gcc/9.3.0-gcc-4.8.5-lquyj5b/bin/gcc]
  ignore line: [Target: x86_64-pc-linux-gnu]
  ignore line: [Configured with: /tmp/rcactest/spack-stage-gcc-9.3.0-lquyj5bab5rtiyi2h5vgbkj53yvgpviy/spack-src/configure --prefix=/apps/spack/gilbreth/apps/gcc/9.3.0-gcc-4.8.5-lquyj5b --with-pkgversion='Spack GCC' --with-bugurl=https://github.com/spack/spack/issues --disable-multilib --enable-languages=c,c++,fortran --disable-nls --with-system-zlib --with-mpfr-include=/apps/spack/gilbreth/apps/mpfr/3.1.6-gcc-4.8.5-nsgsjfy/include --with-mpfr-lib=/apps/spack/gilbreth/apps/mpfr/3.1.6-gcc-4.8.5-nsgsjfy/lib --with-gmp-include=/apps/spack/gilbreth/apps/gmp/6.1.2-gcc-4.8.5-zn55wh7/include --with-gmp-lib=/apps/spack/gilbreth/apps/gmp/6.1.2-gcc-4.8.5-zn55wh7/lib --with-mpc-include=/apps/spack/gilbreth/apps/mpc/1.1.0-gcc-4.8.5-eogmmao/include --with-mpc-lib=/apps/spack/gilbreth/apps/mpc/1.1.0-gcc-4.8.5-eogmmao/lib --with-isl-include=/apps/spack/gilbreth/apps/isl/0.20-gcc-4.8.5-hyy2twd/include --with-isl-lib=/apps/spack/gilbreth/apps/isl/0.20-gcc-4.8.5-hyy2twd/lib --with-stage1-ldflags='-Wl,-rpath,/apps/spack/gilbreth/apps/gcc/9.3.0-gcc-4.8.5-lquyj5b/lib -Wl,-rpath,/apps/spack/gilbreth/apps/gcc/9.3.0-gcc-4.8.5-lquyj5b/lib64 -Wl,-rpath,/apps/spack/gilbreth/apps/gmp/6.1.2-gcc-4.8.5-zn55wh7/lib -Wl,-rpath,/apps/spack/gilbreth/apps/mpfr/3.1.6-gcc-4.8.5-nsgsjfy/lib -Wl,-rpath,/apps/spack/gilbreth/apps/mpc/1.1.0-gcc-4.8.5-eogmmao/lib -Wl,-rpath,/apps/spack/gilbreth/apps/isl/0.20-gcc-4.8.5-hyy2twd/lib -Wl,-rpath,/apps/spack/gilbreth/apps/zlib/1.2.11-gcc-4.8.5-pkmj6e7/lib' --with-boot-ldflags='-Wl,-rpath,/apps/spack/gilbreth/apps/gcc/9.3.0-gcc-4.8.5-lquyj5b/lib -Wl,-rpath,/apps/spack/gilbreth/apps/gcc/9.3.0-gcc-4.8.5-lquyj5b/lib64 -Wl,-rpath,/apps/spack/gilbreth/apps/gmp/6.1.2-gcc-4.8.5-zn55wh7/lib -Wl,-rpath,/apps/spack/gilbreth/apps/mpfr/3.1.6-gcc-4.8.5-nsgsjfy/lib -Wl,-rpath,/apps/spack/gilbreth/apps/mpc/1.1.0-gcc-4.8.5-eogmmao/lib -Wl,-rpath,/apps/spack/gilbreth/apps/isl/0.20-gcc-4.8.5-hyy2twd/lib -Wl,-rpath,/apps/spack/gilbreth/apps/zlib/1.2.11-gcc-4.8.5-pkmj6e7/lib -static-libstdc++ -static-libgcc']
  ignore line: [Thread model: posix]
  ignore line: [gcc version 9.3.0 (Spack GCC) ]
  ignore line: [COLLECT_GCC_OPTIONS='-v' '-o' 'CMakeFiles/cmTC_d4a35.dir/CMakeCCompilerABI.c.o' '-c' '-mtune=generic' '-march=x86-64']
  ignore line: [ /apps/spack/gilbreth/apps/gcc/9.3.0-gcc-4.8.5-lquyj5b/libexec/gcc/x86_64-pc-linux-gnu/9.3.0/cc1 -quiet -v /apps/spack/gilbreth/apps/cmake/3.15.4-gcc-4.8.5-n32j6id/share/cmake-3.15/Modules/CMakeCCompilerABI.c -quiet -dumpbase CMakeCCompilerABI.c -mtune=generic -march=x86-64 -auxbase-strip CMakeFiles/cmTC_d4a35.dir/CMakeCCompilerABI.c.o -version -o /tmp/cc20GH5N.s]
  ignore line: [GNU C17 (Spack GCC) version 9.3.0 (x86_64-pc-linux-gnu)]
  ignore line: [	compiled by GNU C version 9.3.0, GMP version 6.1.2, MPFR version 3.1.6-p2, MPC version 1.1.0, isl version isl-0.20-GMP]
  ignore line: []
  ignore line: [GGC heuristics: --param ggc-min-expand=100 --param ggc-min-heapsize=131072]
  ignore line: [ignoring nonexistent directory "/apps/spack/gilbreth/apps/gcc/9.3.0-gcc-4.8.5-lquyj5b/lib/gcc/x86_64-pc-linux-gnu/9.3.0/../../../../x86_64-pc-linux-gnu/include"]
  ignore line: [ignoring duplicate directory "/apps/spack/gilbreth/apps/gcc/9.3.0-gcc-4.8.5-lquyj5b/include"]
  ignore line: [  as it is a non-system directory that duplicates a system directory]
  ignore line: [ignoring duplicate directory "/apps/gilbreth/cudnn/cuda11.2/8.1.0/include"]
  ignore line: [  as it is a non-system directory that duplicates a system directory]
  ignore line: [#include "..." search starts here:]
  ignore line: [#include <...> search starts here:]
  ignore line: [ /apps/spack/gilbreth/apps/zlib/1.2.11-gcc-9.3.0-7x3gabj/include]
  ignore line: [ /apps/spack/gilbreth/apps/mpc/1.1.0-gcc-4.8.5-eogmmao/include]
  ignore line: [ /apps/spack/gilbreth/apps/mpfr/3.1.6-gcc-4.8.5-nsgsjfy/include]
  ignore line: [ /apps/spack/gilbreth/apps/gmp/6.1.2-gcc-4.8.5-zn55wh7/include]
  ignore line: [ /apps/spack/gilbreth/apps/anaconda/2020.11-py38-gcc-4.8.5-djkvkvk/include]
  ignore line: [ /apps/gilbreth/cudnn/cuda11.2/8.1.0/include]
  ignore line: [ /apps/gilbreth/cuda-toolkit/cuda-11.2.0/include]
  ignore line: [ /apps/spack/gilbreth/apps/gcc/9.3.0-gcc-4.8.5-lquyj5b/lib/gcc/x86_64-pc-linux-gnu/9.3.0/include]
  ignore line: [ /usr/local/include]
  ignore line: [ /apps/spack/gilbreth/apps/gcc/9.3.0-gcc-4.8.5-lquyj5b/include]
  ignore line: [ /apps/spack/gilbreth/apps/gcc/9.3.0-gcc-4.8.5-lquyj5b/lib/gcc/x86_64-pc-linux-gnu/9.3.0/include-fixed]
  ignore line: [ /usr/include]
  ignore line: [End of search list.]
  ignore line: [GNU C17 (Spack GCC) version 9.3.0 (x86_64-pc-linux-gnu)]
  ignore line: [	compiled by GNU C version 9.3.0, GMP version 6.1.2, MPFR version 3.1.6-p2, MPC version 1.1.0, isl version isl-0.20-GMP]
  ignore line: []
  ignore line: [GGC heuristics: --param ggc-min-expand=100 --param ggc-min-heapsize=131072]
  ignore line: [Compiler executable checksum: 8a080498d0bb82f97965129490180d4b]
  ignore line: [COLLECT_GCC_OPTIONS='-v' '-o' 'CMakeFiles/cmTC_d4a35.dir/CMakeCCompilerABI.c.o' '-c' '-mtune=generic' '-march=x86-64']
  ignore line: [ as -v --64 -o CMakeFiles/cmTC_d4a35.dir/CMakeCCompilerABI.c.o /tmp/cc20GH5N.s]
  ignore line: [GNU assembler version 2.27 (x86_64-redhat-linux) using BFD version version 2.27-44.base.el7_9.1]
  ignore line: [COMPILER_PATH=/apps/spack/gilbreth/apps/gcc/9.3.0-gcc-4.8.5-lquyj5b/libexec/gcc/x86_64-pc-linux-gnu/9.3.0/:/apps/spack/gilbreth/apps/gcc/9.3.0-gcc-4.8.5-lquyj5b/libexec/gcc/x86_64-pc-linux-gnu/9.3.0/:/apps/spack/gilbreth/apps/gcc/9.3.0-gcc-4.8.5-lquyj5b/libexec/gcc/x86_64-pc-linux-gnu/:/apps/spack/gilbreth/apps/gcc/9.3.0-gcc-4.8.5-lquyj5b/lib/gcc/x86_64-pc-linux-gnu/9.3.0/:/apps/spack/gilbreth/apps/gcc/9.3.0-gcc-4.8.5-lquyj5b/lib/gcc/x86_64-pc-linux-gnu/]
  ignore line: [LIBRARY_PATH=/apps/spack/gilbreth/apps/gcc/9.3.0-gcc-4.8.5-lquyj5b/lib64/../lib64/:/apps/spack/gilbreth/apps/gcc/9.3.0-gcc-4.8.5-lquyj5b/lib/../lib64/:/apps/gilbreth/cudnn/cuda11.2/8.1.0/lib64/../lib64/:/apps/spack/gilbreth/apps/gcc/9.3.0-gcc-4.8.5-lquyj5b/lib/gcc/x86_64-pc-linux-gnu/9.3.0/:/apps/spack/gilbreth/apps/gcc/9.3.0-gcc-4.8.5-lquyj5b/lib/gcc/x86_64-pc-linux-gnu/9.3.0/../../../../lib64/:/lib/../lib64/:/usr/lib/../lib64/:/apps/spack/gilbreth/apps/gcc/9.3.0-gcc-4.8.5-lquyj5b/lib64/:/apps/spack/gilbreth/apps/gcc/9.3.0-gcc-4.8.5-lquyj5b/lib/:/apps/spack/gilbreth/apps/zlib/1.2.11-gcc-9.3.0-7x3gabj/lib/:/apps/spack/gilbreth/apps/mpc/1.1.0-gcc-4.8.5-eogmmao/lib/:/apps/spack/gilbreth/apps/mpfr/3.1.6-gcc-4.8.5-nsgsjfy/lib/:/apps/spack/gilbreth/apps/gmp/6.1.2-gcc-4.8.5-zn55wh7/lib/:/apps/gilbreth/cudnn/cuda11.2/8.1.0/lib64/:/apps/spack/gilbreth/apps/anaconda/2020.11-py38-gcc-4.8.5-djkvkvk/lib/:/apps/spack/gilbreth/apps/gcc/9.3.0-gcc-4.8.5-lquyj5b/lib/gcc/x86_64-pc-linux-gnu/9.3.0/../../../:/lib/:/usr/lib/]
  ignore line: [COLLECT_GCC_OPTIONS='-v' '-o' 'CMakeFiles/cmTC_d4a35.dir/CMakeCCompilerABI.c.o' '-c' '-mtune=generic' '-march=x86-64']
  ignore line: [Linking C executable cmTC_d4a35]
  ignore line: [/apps/spack/gilbreth/apps/cmake/3.15.4-gcc-4.8.5-n32j6id/bin/cmake -E cmake_link_script CMakeFiles/cmTC_d4a35.dir/link.txt --verbose=1]
  ignore line: [/apps/spack/gilbreth/apps/gcc/9.3.0-gcc-4.8.5-lquyj5b/bin/gcc     -v -rdynamic CMakeFiles/cmTC_d4a35.dir/CMakeCCompilerABI.c.o  -o cmTC_d4a35 ]
  ignore line: [Reading specs from /apps/spack/gilbreth/apps/gcc/9.3.0-gcc-4.8.5-lquyj5b/lib/gcc/x86_64-pc-linux-gnu/9.3.0/specs]
  ignore line: [COLLECT_GCC=/apps/spack/gilbreth/apps/gcc/9.3.0-gcc-4.8.5-lquyj5b/bin/gcc]
  ignore line: [COLLECT_LTO_WRAPPER=/apps/spack/gilbreth/apps/gcc/9.3.0-gcc-4.8.5-lquyj5b/libexec/gcc/x86_64-pc-linux-gnu/9.3.0/lto-wrapper]
  ignore line: [Target: x86_64-pc-linux-gnu]
  ignore line: [Configured with: /tmp/rcactest/spack-stage-gcc-9.3.0-lquyj5bab5rtiyi2h5vgbkj53yvgpviy/spack-src/configure --prefix=/apps/spack/gilbreth/apps/gcc/9.3.0-gcc-4.8.5-lquyj5b --with-pkgversion='Spack GCC' --with-bugurl=https://github.com/spack/spack/issues --disable-multilib --enable-languages=c,c++,fortran --disable-nls --with-system-zlib --with-mpfr-include=/apps/spack/gilbreth/apps/mpfr/3.1.6-gcc-4.8.5-nsgsjfy/include --with-mpfr-lib=/apps/spack/gilbreth/apps/mpfr/3.1.6-gcc-4.8.5-nsgsjfy/lib --with-gmp-include=/apps/spack/gilbreth/apps/gmp/6.1.2-gcc-4.8.5-zn55wh7/include --with-gmp-lib=/apps/spack/gilbreth/apps/gmp/6.1.2-gcc-4.8.5-zn55wh7/lib --with-mpc-include=/apps/spack/gilbreth/apps/mpc/1.1.0-gcc-4.8.5-eogmmao/include --with-mpc-lib=/apps/spack/gilbreth/apps/mpc/1.1.0-gcc-4.8.5-eogmmao/lib --with-isl-include=/apps/spack/gilbreth/apps/isl/0.20-gcc-4.8.5-hyy2twd/include --with-isl-lib=/apps/spack/gilbreth/apps/isl/0.20-gcc-4.8.5-hyy2twd/lib --with-stage1-ldflags='-Wl,-rpath,/apps/spack/gilbreth/apps/gcc/9.3.0-gcc-4.8.5-lquyj5b/lib -Wl,-rpath,/apps/spack/gilbreth/apps/gcc/9.3.0-gcc-4.8.5-lquyj5b/lib64 -Wl,-rpath,/apps/spack/gilbreth/apps/gmp/6.1.2-gcc-4.8.5-zn55wh7/lib -Wl,-rpath,/apps/spack/gilbreth/apps/mpfr/3.1.6-gcc-4.8.5-nsgsjfy/lib -Wl,-rpath,/apps/spack/gilbreth/apps/mpc/1.1.0-gcc-4.8.5-eogmmao/lib -Wl,-rpath,/apps/spack/gilbreth/apps/isl/0.20-gcc-4.8.5-hyy2twd/lib -Wl,-rpath,/apps/spack/gilbreth/apps/zlib/1.2.11-gcc-4.8.5-pkmj6e7/lib' --with-boot-ldflags='-Wl,-rpath,/apps/spack/gilbreth/apps/gcc/9.3.0-gcc-4.8.5-lquyj5b/lib -Wl,-rpath,/apps/spack/gilbreth/apps/gcc/9.3.0-gcc-4.8.5-lquyj5b/lib64 -Wl,-rpath,/apps/spack/gilbreth/apps/gmp/6.1.2-gcc-4.8.5-zn55wh7/lib -Wl,-rpath,/apps/spack/gilbreth/apps/mpfr/3.1.6-gcc-4.8.5-nsgsjfy/lib -Wl,-rpath,/apps/spack/gilbreth/apps/mpc/1.1.0-gcc-4.8.5-eogmmao/lib -Wl,-rpath,/apps/spack/gilbreth/apps/isl/0.20-gcc-4.8.5-hyy2twd/lib -Wl,-rpath,/apps/spack/gilbreth/apps/zlib/1.2.11-gcc-4.8.5-pkmj6e7/lib -static-libstdc++ -static-libgcc']
  ignore line: [Thread model: posix]
  ignore line: [gcc version 9.3.0 (Spack GCC) ]
  ignore line: [COMPILER_PATH=/apps/spack/gilbreth/apps/gcc/9.3.0-gcc-4.8.5-lquyj5b/libexec/gcc/x86_64-pc-linux-gnu/9.3.0/:/apps/spack/gilbreth/apps/gcc/9.3.0-gcc-4.8.5-lquyj5b/libexec/gcc/x86_64-pc-linux-gnu/9.3.0/:/apps/spack/gilbreth/apps/gcc/9.3.0-gcc-4.8.5-lquyj5b/libexec/gcc/x86_64-pc-linux-gnu/:/apps/spack/gilbreth/apps/gcc/9.3.0-gcc-4.8.5-lquyj5b/lib/gcc/x86_64-pc-linux-gnu/9.3.0/:/apps/spack/gilbreth/apps/gcc/9.3.0-gcc-4.8.5-lquyj5b/lib/gcc/x86_64-pc-linux-gnu/]
  ignore line: [LIBRARY_PATH=/apps/spack/gilbreth/apps/gcc/9.3.0-gcc-4.8.5-lquyj5b/lib64/../lib64/:/apps/spack/gilbreth/apps/gcc/9.3.0-gcc-4.8.5-lquyj5b/lib/../lib64/:/apps/gilbreth/cudnn/cuda11.2/8.1.0/lib64/../lib64/:/apps/spack/gilbreth/apps/gcc/9.3.0-gcc-4.8.5-lquyj5b/lib/gcc/x86_64-pc-linux-gnu/9.3.0/:/apps/spack/gilbreth/apps/gcc/9.3.0-gcc-4.8.5-lquyj5b/lib/gcc/x86_64-pc-linux-gnu/9.3.0/../../../../lib64/:/lib/../lib64/:/usr/lib/../lib64/:/apps/spack/gilbreth/apps/gcc/9.3.0-gcc-4.8.5-lquyj5b/lib64/:/apps/spack/gilbreth/apps/gcc/9.3.0-gcc-4.8.5-lquyj5b/lib/:/apps/spack/gilbreth/apps/zlib/1.2.11-gcc-9.3.0-7x3gabj/lib/:/apps/spack/gilbreth/apps/mpc/1.1.0-gcc-4.8.5-eogmmao/lib/:/apps/spack/gilbreth/apps/mpfr/3.1.6-gcc-4.8.5-nsgsjfy/lib/:/apps/spack/gilbreth/apps/gmp/6.1.2-gcc-4.8.5-zn55wh7/lib/:/apps/gilbreth/cudnn/cuda11.2/8.1.0/lib64/:/apps/spack/gilbreth/apps/anaconda/2020.11-py38-gcc-4.8.5-djkvkvk/lib/:/apps/spack/gilbreth/apps/gcc/9.3.0-gcc-4.8.5-lquyj5b/lib/gcc/x86_64-pc-linux-gnu/9.3.0/../../../:/lib/:/usr/lib/]
  ignore line: [COLLECT_GCC_OPTIONS='-v' '-rdynamic' '-o' 'cmTC_d4a35' '-mtune=generic' '-march=x86-64']
  link line: [ /apps/spack/gilbreth/apps/gcc/9.3.0-gcc-4.8.5-lquyj5b/libexec/gcc/x86_64-pc-linux-gnu/9.3.0/collect2 -plugin /apps/spack/gilbreth/apps/gcc/9.3.0-gcc-4.8.5-lquyj5b/libexec/gcc/x86_64-pc-linux-gnu/9.3.0/liblto_plugin.so -plugin-opt=/apps/spack/gilbreth/apps/gcc/9.3.0-gcc-4.8.5-lquyj5b/libexec/gcc/x86_64-pc-linux-gnu/9.3.0/lto-wrapper -plugin-opt=-fresolution=/tmp/cc8r2vJQ.res -plugin-opt=-pass-through=-lgcc -plugin-opt=-pass-through=-lgcc_s -plugin-opt=-pass-through=-lc -plugin-opt=-pass-through=-lgcc -plugin-opt=-pass-through=-lgcc_s -rpath /apps/spack/gilbreth/apps/gcc/9.3.0-gcc-4.8.5-lquyj5b/lib:/apps/spack/gilbreth/apps/gcc/9.3.0-gcc-4.8.5-lquyj5b/lib64 --eh-frame-hdr -m elf_x86_64 -export-dynamic -dynamic-linker /lib64/ld-linux-x86-64.so.2 -o cmTC_d4a35 /lib/../lib64/crt1.o /lib/../lib64/crti.o /apps/spack/gilbreth/apps/gcc/9.3.0-gcc-4.8.5-lquyj5b/lib/gcc/x86_64-pc-linux-gnu/9.3.0/crtbegin.o -L/apps/spack/gilbreth/apps/gcc/9.3.0-gcc-4.8.5-lquyj5b/lib64/../lib64 -L/apps/spack/gilbreth/apps/gcc/9.3.0-gcc-4.8.5-lquyj5b/lib/../lib64 -L/apps/gilbreth/cudnn/cuda11.2/8.1.0/lib64/../lib64 -L/apps/spack/gilbreth/apps/gcc/9.3.0-gcc-4.8.5-lquyj5b/lib/gcc/x86_64-pc-linux-gnu/9.3.0 -L/apps/spack/gilbreth/apps/gcc/9.3.0-gcc-4.8.5-lquyj5b/lib/gcc/x86_64-pc-linux-gnu/9.3.0/../../../../lib64 -L/lib/../lib64 -L/usr/lib/../lib64 -L/apps/spack/gilbreth/apps/gcc/9.3.0-gcc-4.8.5-lquyj5b/lib64 -L/apps/spack/gilbreth/apps/gcc/9.3.0-gcc-4.8.5-lquyj5b/lib -L/apps/spack/gilbreth/apps/zlib/1.2.11-gcc-9.3.0-7x3gabj/lib -L/apps/spack/gilbreth/apps/mpc/1.1.0-gcc-4.8.5-eogmmao/lib -L/apps/spack/gilbreth/apps/mpfr/3.1.6-gcc-4.8.5-nsgsjfy/lib -L/apps/spack/gilbreth/apps/gmp/6.1.2-gcc-4.8.5-zn55wh7/lib -L/apps/gilbreth/cudnn/cuda11.2/8.1.0/lib64 -L/apps/spack/gilbreth/apps/anaconda/2020.11-py38-gcc-4.8.5-djkvkvk/lib -L/apps/spack/gilbreth/apps/gcc/9.3.0-gcc-4.8.5-lquyj5b/lib/gcc/x86_64-pc-linux-gnu/9.3.0/../../.. CMakeFiles/cmTC_d4a35.dir/CMakeCCompilerABI.c.o -lgcc --as-needed -lgcc_s --no-as-needed -lc -lgcc --as-needed -lgcc_s --no-as-needed /apps/spack/gilbreth/apps/gcc/9.3.0-gcc-4.8.5-lquyj5b/lib/gcc/x86_64-pc-linux-gnu/9.3.0/crtend.o /lib/../lib64/crtn.o]
    arg [/apps/spack/gilbreth/apps/gcc/9.3.0-gcc-4.8.5-lquyj5b/libexec/gcc/x86_64-pc-linux-gnu/9.3.0/collect2] ==> ignore
    arg [-plugin] ==> ignore
    arg [/apps/spack/gilbreth/apps/gcc/9.3.0-gcc-4.8.5-lquyj5b/libexec/gcc/x86_64-pc-linux-gnu/9.3.0/liblto_plugin.so] ==> ignore
    arg [-plugin-opt=/apps/spack/gilbreth/apps/gcc/9.3.0-gcc-4.8.5-lquyj5b/libexec/gcc/x86_64-pc-linux-gnu/9.3.0/lto-wrapper] ==> ignore
    arg [-plugin-opt=-fresolution=/tmp/cc8r2vJQ.res] ==> ignore
    arg [-plugin-opt=-pass-through=-lgcc] ==> ignore
    arg [-plugin-opt=-pass-through=-lgcc_s] ==> ignore
    arg [-plugin-opt=-pass-through=-lc] ==> ignore
    arg [-plugin-opt=-pass-through=-lgcc] ==> ignore
    arg [-plugin-opt=-pass-through=-lgcc_s] ==> ignore
    arg [-rpath] ==> ignore
    arg [/apps/spack/gilbreth/apps/gcc/9.3.0-gcc-4.8.5-lquyj5b/lib:/apps/spack/gilbreth/apps/gcc/9.3.0-gcc-4.8.5-lquyj5b/lib64] ==> ignore
    arg [--eh-frame-hdr] ==> ignore
    arg [-m] ==> ignore
    arg [elf_x86_64] ==> ignore
    arg [-export-dynamic] ==> ignore
    arg [-dynamic-linker] ==> ignore
    arg [/lib64/ld-linux-x86-64.so.2] ==> ignore
    arg [-o] ==> ignore
    arg [cmTC_d4a35] ==> ignore
    arg [/lib/../lib64/crt1.o] ==> ignore
    arg [/lib/../lib64/crti.o] ==> ignore
    arg [/apps/spack/gilbreth/apps/gcc/9.3.0-gcc-4.8.5-lquyj5b/lib/gcc/x86_64-pc-linux-gnu/9.3.0/crtbegin.o] ==> ignore
    arg [-L/apps/spack/gilbreth/apps/gcc/9.3.0-gcc-4.8.5-lquyj5b/lib64/../lib64] ==> dir [/apps/spack/gilbreth/apps/gcc/9.3.0-gcc-4.8.5-lquyj5b/lib64/../lib64]
    arg [-L/apps/spack/gilbreth/apps/gcc/9.3.0-gcc-4.8.5-lquyj5b/lib/../lib64] ==> dir [/apps/spack/gilbreth/apps/gcc/9.3.0-gcc-4.8.5-lquyj5b/lib/../lib64]
    arg [-L/apps/gilbreth/cudnn/cuda11.2/8.1.0/lib64/../lib64] ==> dir [/apps/gilbreth/cudnn/cuda11.2/8.1.0/lib64/../lib64]
    arg [-L/apps/spack/gilbreth/apps/gcc/9.3.0-gcc-4.8.5-lquyj5b/lib/gcc/x86_64-pc-linux-gnu/9.3.0] ==> dir [/apps/spack/gilbreth/apps/gcc/9.3.0-gcc-4.8.5-lquyj5b/lib/gcc/x86_64-pc-linux-gnu/9.3.0]
    arg [-L/apps/spack/gilbreth/apps/gcc/9.3.0-gcc-4.8.5-lquyj5b/lib/gcc/x86_64-pc-linux-gnu/9.3.0/../../../../lib64] ==> dir [/apps/spack/gilbreth/apps/gcc/9.3.0-gcc-4.8.5-lquyj5b/lib/gcc/x86_64-pc-linux-gnu/9.3.0/../../../../lib64]
    arg [-L/lib/../lib64] ==> dir [/lib/../lib64]
    arg [-L/usr/lib/../lib64] ==> dir [/usr/lib/../lib64]
    arg [-L/apps/spack/gilbreth/apps/gcc/9.3.0-gcc-4.8.5-lquyj5b/lib64] ==> dir [/apps/spack/gilbreth/apps/gcc/9.3.0-gcc-4.8.5-lquyj5b/lib64]
    arg [-L/apps/spack/gilbreth/apps/gcc/9.3.0-gcc-4.8.5-lquyj5b/lib] ==> dir [/apps/spack/gilbreth/apps/gcc/9.3.0-gcc-4.8.5-lquyj5b/lib]
    arg [-L/apps/spack/gilbreth/apps/zlib/1.2.11-gcc-9.3.0-7x3gabj/lib] ==> dir [/apps/spack/gilbreth/apps/zlib/1.2.11-gcc-9.3.0-7x3gabj/lib]
    arg [-L/apps/spack/gilbreth/apps/mpc/1.1.0-gcc-4.8.5-eogmmao/lib] ==> dir [/apps/spack/gilbreth/apps/mpc/1.1.0-gcc-4.8.5-eogmmao/lib]
    arg [-L/apps/spack/gilbreth/apps/mpfr/3.1.6-gcc-4.8.5-nsgsjfy/lib] ==> dir [/apps/spack/gilbreth/apps/mpfr/3.1.6-gcc-4.8.5-nsgsjfy/lib]
    arg [-L/apps/spack/gilbreth/apps/gmp/6.1.2-gcc-4.8.5-zn55wh7/lib] ==> dir [/apps/spack/gilbreth/apps/gmp/6.1.2-gcc-4.8.5-zn55wh7/lib]
    arg [-L/apps/gilbreth/cudnn/cuda11.2/8.1.0/lib64] ==> dir [/apps/gilbreth/cudnn/cuda11.2/8.1.0/lib64]
    arg [-L/apps/spack/gilbreth/apps/anaconda/2020.11-py38-gcc-4.8.5-djkvkvk/lib] ==> dir [/apps/spack/gilbreth/apps/anaconda/2020.11-py38-gcc-4.8.5-djkvkvk/lib]
    arg [-L/apps/spack/gilbreth/apps/gcc/9.3.0-gcc-4.8.5-lquyj5b/lib/gcc/x86_64-pc-linux-gnu/9.3.0/../../..] ==> dir [/apps/spack/gilbreth/apps/gcc/9.3.0-gcc-4.8.5-lquyj5b/lib/gcc/x86_64-pc-linux-gnu/9.3.0/../../..]
    arg [CMakeFiles/cmTC_d4a35.dir/CMakeCCompilerABI.c.o] ==> ignore
    arg [-lgcc] ==> lib [gcc]
    arg [--as-needed] ==> ignore
    arg [-lgcc_s] ==> lib [gcc_s]
    arg [--no-as-needed] ==> ignore
    arg [-lc] ==> lib [c]
    arg [-lgcc] ==> lib [gcc]
    arg [--as-needed] ==> ignore
    arg [-lgcc_s] ==> lib [gcc_s]
    arg [--no-as-needed] ==> ignore
    arg [/apps/spack/gilbreth/apps/gcc/9.3.0-gcc-4.8.5-lquyj5b/lib/gcc/x86_64-pc-linux-gnu/9.3.0/crtend.o] ==> ignore
    arg [/lib/../lib64/crtn.o] ==> ignore
  collapse library dir [/apps/spack/gilbreth/apps/gcc/9.3.0-gcc-4.8.5-lquyj5b/lib64/../lib64] ==> [/apps/spack/gilbreth/apps/gcc/9.3.0-gcc-4.8.5-lquyj5b/lib64]
  collapse library dir [/apps/spack/gilbreth/apps/gcc/9.3.0-gcc-4.8.5-lquyj5b/lib/../lib64] ==> [/apps/spack/gilbreth/apps/gcc/9.3.0-gcc-4.8.5-lquyj5b/lib64]
  collapse library dir [/apps/gilbreth/cudnn/cuda11.2/8.1.0/lib64/../lib64] ==> [/apps/gilbreth/cudnn/cuda11.2/8.1.0/lib64]
  collapse library dir [/apps/spack/gilbreth/apps/gcc/9.3.0-gcc-4.8.5-lquyj5b/lib/gcc/x86_64-pc-linux-gnu/9.3.0] ==> [/apps/spack/gilbreth/apps/gcc/9.3.0-gcc-4.8.5-lquyj5b/lib/gcc/x86_64-pc-linux-gnu/9.3.0]
  collapse library dir [/apps/spack/gilbreth/apps/gcc/9.3.0-gcc-4.8.5-lquyj5b/lib/gcc/x86_64-pc-linux-gnu/9.3.0/../../../../lib64] ==> [/apps/spack/gilbreth/apps/gcc/9.3.0-gcc-4.8.5-lquyj5b/lib64]
  collapse library dir [/lib/../lib64] ==> [/lib64]
  collapse library dir [/usr/lib/../lib64] ==> [/usr/lib64]
  collapse library dir [/apps/spack/gilbreth/apps/gcc/9.3.0-gcc-4.8.5-lquyj5b/lib64] ==> [/apps/spack/gilbreth/apps/gcc/9.3.0-gcc-4.8.5-lquyj5b/lib64]
  collapse library dir [/apps/spack/gilbreth/apps/gcc/9.3.0-gcc-4.8.5-lquyj5b/lib] ==> [/apps/spack/gilbreth/apps/gcc/9.3.0-gcc-4.8.5-lquyj5b/lib]
  collapse library dir [/apps/spack/gilbreth/apps/zlib/1.2.11-gcc-9.3.0-7x3gabj/lib] ==> [/apps/spack/gilbreth/apps/zlib/1.2.11-gcc-9.3.0-7x3gabj/lib]
  collapse library dir [/apps/spack/gilbreth/apps/mpc/1.1.0-gcc-4.8.5-eogmmao/lib] ==> [/apps/spack/gilbreth/apps/mpc/1.1.0-gcc-4.8.5-eogmmao/lib]
  collapse library dir [/apps/spack/gilbreth/apps/mpfr/3.1.6-gcc-4.8.5-nsgsjfy/lib] ==> [/apps/spack/gilbreth/apps/mpfr/3.1.6-gcc-4.8.5-nsgsjfy/lib]
  collapse library dir [/apps/spack/gilbreth/apps/gmp/6.1.2-gcc-4.8.5-zn55wh7/lib] ==> [/apps/spack/gilbreth/apps/gmp/6.1.2-gcc-4.8.5-zn55wh7/lib]
  collapse library dir [/apps/gilbreth/cudnn/cuda11.2/8.1.0/lib64] ==> [/apps/gilbreth/cudnn/cuda11.2/8.1.0/lib64]
  collapse library dir [/apps/spack/gilbreth/apps/anaconda/2020.11-py38-gcc-4.8.5-djkvkvk/lib] ==> [/apps/spack/gilbreth/apps/anaconda/2020.11-py38-gcc-4.8.5-djkvkvk/lib]
  collapse library dir [/apps/spack/gilbreth/apps/gcc/9.3.0-gcc-4.8.5-lquyj5b/lib/gcc/x86_64-pc-linux-gnu/9.3.0/../../..] ==> [/apps/spack/gilbreth/apps/gcc/9.3.0-gcc-4.8.5-lquyj5b/lib]
  implicit libs: [gcc;gcc_s;c;gcc;gcc_s]
  implicit dirs: [/apps/spack/gilbreth/apps/gcc/9.3.0-gcc-4.8.5-lquyj5b/lib64;/apps/gilbreth/cudnn/cuda11.2/8.1.0/lib64;/apps/spack/gilbreth/apps/gcc/9.3.0-gcc-4.8.5-lquyj5b/lib/gcc/x86_64-pc-linux-gnu/9.3.0;/lib64;/usr/lib64;/apps/spack/gilbreth/apps/gcc/9.3.0-gcc-4.8.5-lquyj5b/lib;/apps/spack/gilbreth/apps/zlib/1.2.11-gcc-9.3.0-7x3gabj/lib;/apps/spack/gilbreth/apps/mpc/1.1.0-gcc-4.8.5-eogmmao/lib;/apps/spack/gilbreth/apps/mpfr/3.1.6-gcc-4.8.5-nsgsjfy/lib;/apps/spack/gilbreth/apps/gmp/6.1.2-gcc-4.8.5-zn55wh7/lib;/apps/spack/gilbreth/apps/anaconda/2020.11-py38-gcc-4.8.5-djkvkvk/lib]
  implicit fwks: []


Determining if the CXX compiler works passed with the following output:
Change Dir: /home/das90/GNNcodes/CVE2020/GNN-NC/Graph-Sparsification/CPPsamplerPy/build/CMakeFiles/CMakeTmp

Run Build Command(s):/bin/gmake cmTC_75143/fast && /bin/gmake -f CMakeFiles/cmTC_75143.dir/build.make CMakeFiles/cmTC_75143.dir/build
gmake[1]: Entering directory `/home/das90/GNNcodes/CVE2020/GNN-NC/Graph-Sparsification/CPPsamplerPy/build/CMakeFiles/CMakeTmp'
Building CXX object CMakeFiles/cmTC_75143.dir/testCXXCompiler.cxx.o
/apps/spack/gilbreth/apps/gcc/9.3.0-gcc-4.8.5-lquyj5b/bin/g++     -o CMakeFiles/cmTC_75143.dir/testCXXCompiler.cxx.o -c /home/das90/GNNcodes/CVE2020/GNN-NC/Graph-Sparsification/CPPsamplerPy/build/CMakeFiles/CMakeTmp/testCXXCompiler.cxx
Linking CXX executable cmTC_75143
/apps/spack/gilbreth/apps/cmake/3.15.4-gcc-4.8.5-n32j6id/bin/cmake -E cmake_link_script CMakeFiles/cmTC_75143.dir/link.txt --verbose=1
/apps/spack/gilbreth/apps/gcc/9.3.0-gcc-4.8.5-lquyj5b/bin/g++       -rdynamic CMakeFiles/cmTC_75143.dir/testCXXCompiler.cxx.o  -o cmTC_75143 
/usr/bin/uuidgen: /apps/spack/gilbreth/apps/anaconda/2020.11-py38-gcc-4.8.5-djkvkvk/lib/libuuid.so.1: no version information available (required by /usr/bin/uuidgen)
gmake[1]: Leaving directory `/home/das90/GNNcodes/CVE2020/GNN-NC/Graph-Sparsification/CPPsamplerPy/build/CMakeFiles/CMakeTmp'



Detecting CXX compiler ABI info compiled with the following output:
Change Dir: /home/das90/GNNcodes/CVE2020/GNN-NC/Graph-Sparsification/CPPsamplerPy/build/CMakeFiles/CMakeTmp

Run Build Command(s):/bin/gmake cmTC_cf2a8/fast && /bin/gmake -f CMakeFiles/cmTC_cf2a8.dir/build.make CMakeFiles/cmTC_cf2a8.dir/build
gmake[1]: Entering directory `/home/das90/GNNcodes/CVE2020/GNN-NC/Graph-Sparsification/CPPsamplerPy/build/CMakeFiles/CMakeTmp'
Building CXX object CMakeFiles/cmTC_cf2a8.dir/CMakeCXXCompilerABI.cpp.o
/apps/spack/gilbreth/apps/gcc/9.3.0-gcc-4.8.5-lquyj5b/bin/g++    -v -o CMakeFiles/cmTC_cf2a8.dir/CMakeCXXCompilerABI.cpp.o -c /apps/spack/gilbreth/apps/cmake/3.15.4-gcc-4.8.5-n32j6id/share/cmake-3.15/Modules/CMakeCXXCompilerABI.cpp
Reading specs from /apps/spack/gilbreth/apps/gcc/9.3.0-gcc-4.8.5-lquyj5b/lib/gcc/x86_64-pc-linux-gnu/9.3.0/specs
COLLECT_GCC=/apps/spack/gilbreth/apps/gcc/9.3.0-gcc-4.8.5-lquyj5b/bin/g++
Target: x86_64-pc-linux-gnu
Configured with: /tmp/rcactest/spack-stage-gcc-9.3.0-lquyj5bab5rtiyi2h5vgbkj53yvgpviy/spack-src/configure --prefix=/apps/spack/gilbreth/apps/gcc/9.3.0-gcc-4.8.5-lquyj5b --with-pkgversion='Spack GCC' --with-bugurl=https://github.com/spack/spack/issues --disable-multilib --enable-languages=c,c++,fortran --disable-nls --with-system-zlib --with-mpfr-include=/apps/spack/gilbreth/apps/mpfr/3.1.6-gcc-4.8.5-nsgsjfy/include --with-mpfr-lib=/apps/spack/gilbreth/apps/mpfr/3.1.6-gcc-4.8.5-nsgsjfy/lib --with-gmp-include=/apps/spack/gilbreth/apps/gmp/6.1.2-gcc-4.8.5-zn55wh7/include --with-gmp-lib=/apps/spack/gilbreth/apps/gmp/6.1.2-gcc-4.8.5-zn55wh7/lib --with-mpc-include=/apps/spack/gilbreth/apps/mpc/1.1.0-gcc-4.8.5-eogmmao/include --with-mpc-lib=/apps/spack/gilbreth/apps/mpc/1.1.0-gcc-4.8.5-eogmmao/lib --with-isl-include=/apps/spack/gilbreth/apps/isl/0.20-gcc-4.8.5-hyy2twd/include --with-isl-lib=/apps/spack/gilbreth/apps/isl/0.20-gcc-4.8.5-hyy2twd/lib --with-stage1-ldflags='-Wl,-rpath,/apps/spack/gilbreth/apps/gcc/9.3.0-gcc-4.8.5-lquyj5b/lib -Wl,-rpath,/apps/spack/gilbreth/apps/gcc/9.3.0-gcc-4.8.5-lquyj5b/lib64 -Wl,-rpath,/apps/spack/gilbreth/apps/gmp/6.1.2-gcc-4.8.5-zn55wh7/lib -Wl,-rpath,/apps/spack/gilbreth/apps/mpfr/3.1.6-gcc-4.8.5-nsgsjfy/lib -Wl,-rpath,/apps/spack/gilbreth/apps/mpc/1.1.0-gcc-4.8.5-eogmmao/lib -Wl,-rpath,/apps/spack/gilbreth/apps/isl/0.20-gcc-4.8.5-hyy2twd/lib -Wl,-rpath,/apps/spack/gilbreth/apps/zlib/1.2.11-gcc-4.8.5-pkmj6e7/lib' --with-boot-ldflags='-Wl,-rpath,/apps/spack/gilbreth/apps/gcc/9.3.0-gcc-4.8.5-lquyj5b/lib -Wl,-rpath,/apps/spack/gilbreth/apps/gcc/9.3.0-gcc-4.8.5-lquyj5b/lib64 -Wl,-rpath,/apps/spack/gilbreth/apps/gmp/6.1.2-gcc-4.8.5-zn55wh7/lib -Wl,-rpath,/apps/spack/gilbreth/apps/mpfr/3.1.6-gcc-4.8.5-nsgsjfy/lib -Wl,-rpath,/apps/spack/gilbreth/apps/mpc/1.1.0-gcc-4.8.5-eogmmao/lib -Wl,-rpath,/apps/spack/gilbreth/apps/isl/0.20-gcc-4.8.5-hyy2twd/lib -Wl,-rpath,/apps/spack/gilbreth/apps/zlib/1.2.11-gcc-4.8.5-pkmj6e7/lib -static-libstdc++ -static-libgcc'
Thread model: posix
gcc version 9.3.0 (Spack GCC) 
COLLECT_GCC_OPTIONS='-v' '-o' 'CMakeFiles/cmTC_cf2a8.dir/CMakeCXXCompilerABI.cpp.o' '-c' '-shared-libgcc' '-mtune=generic' '-march=x86-64'
 /apps/spack/gilbreth/apps/gcc/9.3.0-gcc-4.8.5-lquyj5b/libexec/gcc/x86_64-pc-linux-gnu/9.3.0/cc1plus -quiet -v -D_GNU_SOURCE /apps/spack/gilbreth/apps/cmake/3.15.4-gcc-4.8.5-n32j6id/share/cmake-3.15/Modules/CMakeCXXCompilerABI.cpp -quiet -dumpbase CMakeCXXCompilerABI.cpp -mtune=generic -march=x86-64 -auxbase-strip CMakeFiles/cmTC_cf2a8.dir/CMakeCXXCompilerABI.cpp.o -version -o /tmp/ccWeDgWE.s
GNU C++14 (Spack GCC) version 9.3.0 (x86_64-pc-linux-gnu)
	compiled by GNU C version 9.3.0, GMP version 6.1.2, MPFR version 3.1.6-p2, MPC version 1.1.0, isl version isl-0.20-GMP

GGC heuristics: --param ggc-min-expand=100 --param ggc-min-heapsize=131072
ignoring nonexistent directory "/apps/spack/gilbreth/apps/gcc/9.3.0-gcc-4.8.5-lquyj5b/lib/gcc/x86_64-pc-linux-gnu/9.3.0/../../../../x86_64-pc-linux-gnu/include"
ignoring duplicate directory "/apps/spack/gilbreth/apps/gcc/9.3.0-gcc-4.8.5-lquyj5b/include"
  as it is a non-system directory that duplicates a system directory
#include "..." search starts here:
#include <...> search starts here:
 /apps/spack/gilbreth/apps/zlib/1.2.11-gcc-9.3.0-7x3gabj/include
 /apps/spack/gilbreth/apps/mpc/1.1.0-gcc-4.8.5-eogmmao/include
 /apps/spack/gilbreth/apps/mpfr/3.1.6-gcc-4.8.5-nsgsjfy/include
 /apps/spack/gilbreth/apps/gmp/6.1.2-gcc-4.8.5-zn55wh7/include
 /apps/gilbreth/cudnn/cuda11.2/8.1.0/include
 /apps/spack/gilbreth/apps/anaconda/2020.11-py38-gcc-4.8.5-djkvkvk/include
 /apps/spack/gilbreth/apps/gcc/9.3.0-gcc-4.8.5-lquyj5b/lib/gcc/x86_64-pc-linux-gnu/9.3.0/../../../../include/c++/9.3.0
 /apps/spack/gilbreth/apps/gcc/9.3.0-gcc-4.8.5-lquyj5b/lib/gcc/x86_64-pc-linux-gnu/9.3.0/../../../../include/c++/9.3.0/x86_64-pc-linux-gnu
 /apps/spack/gilbreth/apps/gcc/9.3.0-gcc-4.8.5-lquyj5b/lib/gcc/x86_64-pc-linux-gnu/9.3.0/../../../../include/c++/9.3.0/backward
 /apps/spack/gilbreth/apps/gcc/9.3.0-gcc-4.8.5-lquyj5b/lib/gcc/x86_64-pc-linux-gnu/9.3.0/include
 /usr/local/include
 /apps/spack/gilbreth/apps/gcc/9.3.0-gcc-4.8.5-lquyj5b/include
 /apps/spack/gilbreth/apps/gcc/9.3.0-gcc-4.8.5-lquyj5b/lib/gcc/x86_64-pc-linux-gnu/9.3.0/include-fixed
 /usr/include
End of search list.
GNU C++14 (Spack GCC) version 9.3.0 (x86_64-pc-linux-gnu)
	compiled by GNU C version 9.3.0, GMP version 6.1.2, MPFR version 3.1.6-p2, MPC version 1.1.0, isl version isl-0.20-GMP

GGC heuristics: --param ggc-min-expand=100 --param ggc-min-heapsize=131072
Compiler executable checksum: 0df5713146d04cb2bae8785a6bd8a84a
COLLECT_GCC_OPTIONS='-v' '-o' 'CMakeFiles/cmTC_cf2a8.dir/CMakeCXXCompilerABI.cpp.o' '-c' '-shared-libgcc' '-mtune=generic' '-march=x86-64'
 as -v --64 -o CMakeFiles/cmTC_cf2a8.dir/CMakeCXXCompilerABI.cpp.o /tmp/ccWeDgWE.s
GNU assembler version 2.27 (x86_64-redhat-linux) using BFD version version 2.27-44.base.el7_9.1
COMPILER_PATH=/apps/spack/gilbreth/apps/gcc/9.3.0-gcc-4.8.5-lquyj5b/libexec/gcc/x86_64-pc-linux-gnu/9.3.0/:/apps/spack/gilbreth/apps/gcc/9.3.0-gcc-4.8.5-lquyj5b/libexec/gcc/x86_64-pc-linux-gnu/9.3.0/:/apps/spack/gilbreth/apps/gcc/9.3.0-gcc-4.8.5-lquyj5b/libexec/gcc/x86_64-pc-linux-gnu/:/apps/spack/gilbreth/apps/gcc/9.3.0-gcc-4.8.5-lquyj5b/lib/gcc/x86_64-pc-linux-gnu/9.3.0/:/apps/spack/gilbreth/apps/gcc/9.3.0-gcc-4.8.5-lquyj5b/lib/gcc/x86_64-pc-linux-gnu/
LIBRARY_PATH=/apps/spack/gilbreth/apps/gcc/9.3.0-gcc-4.8.5-lquyj5b/lib64/../lib64/:/apps/spack/gilbreth/apps/gcc/9.3.0-gcc-4.8.5-lquyj5b/lib/../lib64/:/apps/gilbreth/cudnn/cuda11.2/8.1.0/lib64/../lib64/:/apps/spack/gilbreth/apps/gcc/9.3.0-gcc-4.8.5-lquyj5b/lib/gcc/x86_64-pc-linux-gnu/9.3.0/:/apps/spack/gilbreth/apps/gcc/9.3.0-gcc-4.8.5-lquyj5b/lib/gcc/x86_64-pc-linux-gnu/9.3.0/../../../../lib64/:/lib/../lib64/:/usr/lib/../lib64/:/apps/spack/gilbreth/apps/gcc/9.3.0-gcc-4.8.5-lquyj5b/lib64/:/apps/spack/gilbreth/apps/gcc/9.3.0-gcc-4.8.5-lquyj5b/lib/:/apps/spack/gilbreth/apps/zlib/1.2.11-gcc-9.3.0-7x3gabj/lib/:/apps/spack/gilbreth/apps/mpc/1.1.0-gcc-4.8.5-eogmmao/lib/:/apps/spack/gilbreth/apps/mpfr/3.1.6-gcc-4.8.5-nsgsjfy/lib/:/apps/spack/gilbreth/apps/gmp/6.1.2-gcc-4.8.5-zn55wh7/lib/:/apps/gilbreth/cudnn/cuda11.2/8.1.0/lib64/:/apps/spack/gilbreth/apps/anaconda/2020.11-py38-gcc-4.8.5-djkvkvk/lib/:/apps/spack/gilbreth/apps/gcc/9.3.0-gcc-4.8.5-lquyj5b/lib/gcc/x86_64-pc-linux-gnu/9.3.0/../../../:/lib/:/usr/lib/
COLLECT_GCC_OPTIONS='-v' '-o' 'CMakeFiles/cmTC_cf2a8.dir/CMakeCXXCompilerABI.cpp.o' '-c' '-shared-libgcc' '-mtune=generic' '-march=x86-64'
Linking CXX executable cmTC_cf2a8
/apps/spack/gilbreth/apps/cmake/3.15.4-gcc-4.8.5-n32j6id/bin/cmake -E cmake_link_script CMakeFiles/cmTC_cf2a8.dir/link.txt --verbose=1
/apps/spack/gilbreth/apps/gcc/9.3.0-gcc-4.8.5-lquyj5b/bin/g++      -v -rdynamic CMakeFiles/cmTC_cf2a8.dir/CMakeCXXCompilerABI.cpp.o  -o cmTC_cf2a8 
Reading specs from /apps/spack/gilbreth/apps/gcc/9.3.0-gcc-4.8.5-lquyj5b/lib/gcc/x86_64-pc-linux-gnu/9.3.0/specs
COLLECT_GCC=/apps/spack/gilbreth/apps/gcc/9.3.0-gcc-4.8.5-lquyj5b/bin/g++
COLLECT_LTO_WRAPPER=/apps/spack/gilbreth/apps/gcc/9.3.0-gcc-4.8.5-lquyj5b/libexec/gcc/x86_64-pc-linux-gnu/9.3.0/lto-wrapper
Target: x86_64-pc-linux-gnu
Configured with: /tmp/rcactest/spack-stage-gcc-9.3.0-lquyj5bab5rtiyi2h5vgbkj53yvgpviy/spack-src/configure --prefix=/apps/spack/gilbreth/apps/gcc/9.3.0-gcc-4.8.5-lquyj5b --with-pkgversion='Spack GCC' --with-bugurl=https://github.com/spack/spack/issues --disable-multilib --enable-languages=c,c++,fortran --disable-nls --with-system-zlib --with-mpfr-include=/apps/spack/gilbreth/apps/mpfr/3.1.6-gcc-4.8.5-nsgsjfy/include --with-mpfr-lib=/apps/spack/gilbreth/apps/mpfr/3.1.6-gcc-4.8.5-nsgsjfy/lib --with-gmp-include=/apps/spack/gilbreth/apps/gmp/6.1.2-gcc-4.8.5-zn55wh7/include --with-gmp-lib=/apps/spack/gilbreth/apps/gmp/6.1.2-gcc-4.8.5-zn55wh7/lib --with-mpc-include=/apps/spack/gilbreth/apps/mpc/1.1.0-gcc-4.8.5-eogmmao/include --with-mpc-lib=/apps/spack/gilbreth/apps/mpc/1.1.0-gcc-4.8.5-eogmmao/lib --with-isl-include=/apps/spack/gilbreth/apps/isl/0.20-gcc-4.8.5-hyy2twd/include --with-isl-lib=/apps/spack/gilbreth/apps/isl/0.20-gcc-4.8.5-hyy2twd/lib --with-stage1-ldflags='-Wl,-rpath,/apps/spack/gilbreth/apps/gcc/9.3.0-gcc-4.8.5-lquyj5b/lib -Wl,-rpath,/apps/spack/gilbreth/apps/gcc/9.3.0-gcc-4.8.5-lquyj5b/lib64 -Wl,-rpath,/apps/spack/gilbreth/apps/gmp/6.1.2-gcc-4.8.5-zn55wh7/lib -Wl,-rpath,/apps/spack/gilbreth/apps/mpfr/3.1.6-gcc-4.8.5-nsgsjfy/lib -Wl,-rpath,/apps/spack/gilbreth/apps/mpc/1.1.0-gcc-4.8.5-eogmmao/lib -Wl,-rpath,/apps/spack/gilbreth/apps/isl/0.20-gcc-4.8.5-hyy2twd/lib -Wl,-rpath,/apps/spack/gilbreth/apps/zlib/1.2.11-gcc-4.8.5-pkmj6e7/lib' --with-boot-ldflags='-Wl,-rpath,/apps/spack/gilbreth/apps/gcc/9.3.0-gcc-4.8.5-lquyj5b/lib -Wl,-rpath,/apps/spack/gilbreth/apps/gcc/9.3.0-gcc-4.8.5-lquyj5b/lib64 -Wl,-rpath,/apps/spack/gilbreth/apps/gmp/6.1.2-gcc-4.8.5-zn55wh7/lib -Wl,-rpath,/apps/spack/gilbreth/apps/mpfr/3.1.6-gcc-4.8.5-nsgsjfy/lib -Wl,-rpath,/apps/spack/gilbreth/apps/mpc/1.1.0-gcc-4.8.5-eogmmao/lib -Wl,-rpath,/apps/spack/gilbreth/apps/isl/0.20-gcc-4.8.5-hyy2twd/lib -Wl,-rpath,/apps/spack/gilbreth/apps/zlib/1.2.11-gcc-4.8.5-pkmj6e7/lib -static-libstdc++ -static-libgcc'
Thread model: posix
gcc version 9.3.0 (Spack GCC) 
COMPILER_PATH=/apps/spack/gilbreth/apps/gcc/9.3.0-gcc-4.8.5-lquyj5b/libexec/gcc/x86_64-pc-linux-gnu/9.3.0/:/apps/spack/gilbreth/apps/gcc/9.3.0-gcc-4.8.5-lquyj5b/libexec/gcc/x86_64-pc-linux-gnu/9.3.0/:/apps/spack/gilbreth/apps/gcc/9.3.0-gcc-4.8.5-lquyj5b/libexec/gcc/x86_64-pc-linux-gnu/:/apps/spack/gilbreth/apps/gcc/9.3.0-gcc-4.8.5-lquyj5b/lib/gcc/x86_64-pc-linux-gnu/9.3.0/:/apps/spack/gilbreth/apps/gcc/9.3.0-gcc-4.8.5-lquyj5b/lib/gcc/x86_64-pc-linux-gnu/
LIBRARY_PATH=/apps/spack/gilbreth/apps/gcc/9.3.0-gcc-4.8.5-lquyj5b/lib64/../lib64/:/apps/spack/gilbreth/apps/gcc/9.3.0-gcc-4.8.5-lquyj5b/lib/../lib64/:/apps/gilbreth/cudnn/cuda11.2/8.1.0/lib64/../lib64/:/apps/spack/gilbreth/apps/gcc/9.3.0-gcc-4.8.5-lquyj5b/lib/gcc/x86_64-pc-linux-gnu/9.3.0/:/apps/spack/gilbreth/apps/gcc/9.3.0-gcc-4.8.5-lquyj5b/lib/gcc/x86_64-pc-linux-gnu/9.3.0/../../../../lib64/:/lib/../lib64/:/usr/lib/../lib64/:/apps/spack/gilbreth/apps/gcc/9.3.0-gcc-4.8.5-lquyj5b/lib64/:/apps/spack/gilbreth/apps/gcc/9.3.0-gcc-4.8.5-lquyj5b/lib/:/apps/spack/gilbreth/apps/zlib/1.2.11-gcc-9.3.0-7x3gabj/lib/:/apps/spack/gilbreth/apps/mpc/1.1.0-gcc-4.8.5-eogmmao/lib/:/apps/spack/gilbreth/apps/mpfr/3.1.6-gcc-4.8.5-nsgsjfy/lib/:/apps/spack/gilbreth/apps/gmp/6.1.2-gcc-4.8.5-zn55wh7/lib/:/apps/gilbreth/cudnn/cuda11.2/8.1.0/lib64/:/apps/spack/gilbreth/apps/anaconda/2020.11-py38-gcc-4.8.5-djkvkvk/lib/:/apps/spack/gilbreth/apps/gcc/9.3.0-gcc-4.8.5-lquyj5b/lib/gcc/x86_64-pc-linux-gnu/9.3.0/../../../:/lib/:/usr/lib/
COLLECT_GCC_OPTIONS='-v' '-rdynamic' '-o' 'cmTC_cf2a8' '-shared-libgcc' '-mtune=generic' '-march=x86-64'
 /apps/spack/gilbreth/apps/gcc/9.3.0-gcc-4.8.5-lquyj5b/libexec/gcc/x86_64-pc-linux-gnu/9.3.0/collect2 -plugin /apps/spack/gilbreth/apps/gcc/9.3.0-gcc-4.8.5-lquyj5b/libexec/gcc/x86_64-pc-linux-gnu/9.3.0/liblto_plugin.so -plugin-opt=/apps/spack/gilbreth/apps/gcc/9.3.0-gcc-4.8.5-lquyj5b/libexec/gcc/x86_64-pc-linux-gnu/9.3.0/lto-wrapper -plugin-opt=-fresolution=/tmp/ccyZ17UH.res -plugin-opt=-pass-through=-lgcc_s -plugin-opt=-pass-through=-lgcc -plugin-opt=-pass-through=-lc -plugin-opt=-pass-through=-lgcc_s -plugin-opt=-pass-through=-lgcc -rpath /apps/spack/gilbreth/apps/gcc/9.3.0-gcc-4.8.5-lquyj5b/lib:/apps/spack/gilbreth/apps/gcc/9.3.0-gcc-4.8.5-lquyj5b/lib64 --eh-frame-hdr -m elf_x86_64 -export-dynamic -dynamic-linker /lib64/ld-linux-x86-64.so.2 -o cmTC_cf2a8 /lib/../lib64/crt1.o /lib/../lib64/crti.o /apps/spack/gilbreth/apps/gcc/9.3.0-gcc-4.8.5-lquyj5b/lib/gcc/x86_64-pc-linux-gnu/9.3.0/crtbegin.o -L/apps/spack/gilbreth/apps/gcc/9.3.0-gcc-4.8.5-lquyj5b/lib64/../lib64 -L/apps/spack/gilbreth/apps/gcc/9.3.0-gcc-4.8.5-lquyj5b/lib/../lib64 -L/apps/gilbreth/cudnn/cuda11.2/8.1.0/lib64/../lib64 -L/apps/spack/gilbreth/apps/gcc/9.3.0-gcc-4.8.5-lquyj5b/lib/gcc/x86_64-pc-linux-gnu/9.3.0 -L/apps/spack/gilbreth/apps/gcc/9.3.0-gcc-4.8.5-lquyj5b/lib/gcc/x86_64-pc-linux-gnu/9.3.0/../../../../lib64 -L/lib/../lib64 -L/usr/lib/../lib64 -L/apps/spack/gilbreth/apps/gcc/9.3.0-gcc-4.8.5-lquyj5b/lib64 -L/apps/spack/gilbreth/apps/gcc/9.3.0-gcc-4.8.5-lquyj5b/lib -L/apps/spack/gilbreth/apps/zlib/1.2.11-gcc-9.3.0-7x3gabj/lib -L/apps/spack/gilbreth/apps/mpc/1.1.0-gcc-4.8.5-eogmmao/lib -L/apps/spack/gilbreth/apps/mpfr/3.1.6-gcc-4.8.5-nsgsjfy/lib -L/apps/spack/gilbreth/apps/gmp/6.1.2-gcc-4.8.5-zn55wh7/lib -L/apps/gilbreth/cudnn/cuda11.2/8.1.0/lib64 -L/apps/spack/gilbreth/apps/anaconda/2020.11-py38-gcc-4.8.5-djkvkvk/lib -L/apps/spack/gilbreth/apps/gcc/9.3.0-gcc-4.8.5-lquyj5b/lib/gcc/x86_64-pc-linux-gnu/9.3.0/../../.. CMakeFiles/cmTC_cf2a8.dir/CMakeCXXCompilerABI.cpp.o -lstdc++ -lm -lgcc_s -lgcc -lc -lgcc_s -lgcc /apps/spack/gilbreth/apps/gcc/9.3.0-gcc-4.8.5-lquyj5b/lib/gcc/x86_64-pc-linux-gnu/9.3.0/crtend.o /lib/../lib64/crtn.o
/usr/bin/uuidgen: /apps/spack/gilbreth/apps/anaconda/2020.11-py38-gcc-4.8.5-djkvkvk/lib/libuuid.so.1: no version information available (required by /usr/bin/uuidgen)
COLLECT_GCC_OPTIONS='-v' '-rdynamic' '-o' 'cmTC_cf2a8' '-shared-libgcc' '-mtune=generic' '-march=x86-64'
gmake[1]: Leaving directory `/home/das90/GNNcodes/CVE2020/GNN-NC/Graph-Sparsification/CPPsamplerPy/build/CMakeFiles/CMakeTmp'



Parsed CXX implicit include dir info from above output: rv=done
  found start of include info
  found start of implicit include info
    add: [/apps/spack/gilbreth/apps/zlib/1.2.11-gcc-9.3.0-7x3gabj/include]
    add: [/apps/spack/gilbreth/apps/mpc/1.1.0-gcc-4.8.5-eogmmao/include]
    add: [/apps/spack/gilbreth/apps/mpfr/3.1.6-gcc-4.8.5-nsgsjfy/include]
    add: [/apps/spack/gilbreth/apps/gmp/6.1.2-gcc-4.8.5-zn55wh7/include]
    add: [/apps/gilbreth/cudnn/cuda11.2/8.1.0/include]
    add: [/apps/spack/gilbreth/apps/anaconda/2020.11-py38-gcc-4.8.5-djkvkvk/include]
    add: [/apps/spack/gilbreth/apps/gcc/9.3.0-gcc-4.8.5-lquyj5b/lib/gcc/x86_64-pc-linux-gnu/9.3.0/../../../../include/c++/9.3.0]
    add: [/apps/spack/gilbreth/apps/gcc/9.3.0-gcc-4.8.5-lquyj5b/lib/gcc/x86_64-pc-linux-gnu/9.3.0/../../../../include/c++/9.3.0/x86_64-pc-linux-gnu]
    add: [/apps/spack/gilbreth/apps/gcc/9.3.0-gcc-4.8.5-lquyj5b/lib/gcc/x86_64-pc-linux-gnu/9.3.0/../../../../include/c++/9.3.0/backward]
    add: [/apps/spack/gilbreth/apps/gcc/9.3.0-gcc-4.8.5-lquyj5b/lib/gcc/x86_64-pc-linux-gnu/9.3.0/include]
    add: [/usr/local/include]
    add: [/apps/spack/gilbreth/apps/gcc/9.3.0-gcc-4.8.5-lquyj5b/include]
    add: [/apps/spack/gilbreth/apps/gcc/9.3.0-gcc-4.8.5-lquyj5b/lib/gcc/x86_64-pc-linux-gnu/9.3.0/include-fixed]
    add: [/usr/include]
  end of search list found
  collapse include dir [/apps/spack/gilbreth/apps/zlib/1.2.11-gcc-9.3.0-7x3gabj/include] ==> [/apps/spack/gilbreth/apps/zlib/1.2.11-gcc-9.3.0-7x3gabj/include]
  collapse include dir [/apps/spack/gilbreth/apps/mpc/1.1.0-gcc-4.8.5-eogmmao/include] ==> [/apps/spack/gilbreth/apps/mpc/1.1.0-gcc-4.8.5-eogmmao/include]
  collapse include dir [/apps/spack/gilbreth/apps/mpfr/3.1.6-gcc-4.8.5-nsgsjfy/include] ==> [/apps/spack/gilbreth/apps/mpfr/3.1.6-gcc-4.8.5-nsgsjfy/include]
  collapse include dir [/apps/spack/gilbreth/apps/gmp/6.1.2-gcc-4.8.5-zn55wh7/include] ==> [/apps/spack/gilbreth/apps/gmp/6.1.2-gcc-4.8.5-zn55wh7/include]
  collapse include dir [/apps/gilbreth/cudnn/cuda11.2/8.1.0/include] ==> [/apps/gilbreth/cudnn/cuda11.2/8.1.0/include]
  collapse include dir [/apps/spack/gilbreth/apps/anaconda/2020.11-py38-gcc-4.8.5-djkvkvk/include] ==> [/apps/spack/gilbreth/apps/anaconda/2020.11-py38-gcc-4.8.5-djkvkvk/include]
  collapse include dir [/apps/spack/gilbreth/apps/gcc/9.3.0-gcc-4.8.5-lquyj5b/lib/gcc/x86_64-pc-linux-gnu/9.3.0/../../../../include/c++/9.3.0] ==> [/apps/spack/gilbreth/apps/gcc/9.3.0-gcc-4.8.5-lquyj5b/include/c++/9.3.0]
  collapse include dir [/apps/spack/gilbreth/apps/gcc/9.3.0-gcc-4.8.5-lquyj5b/lib/gcc/x86_64-pc-linux-gnu/9.3.0/../../../../include/c++/9.3.0/x86_64-pc-linux-gnu] ==> [/apps/spack/gilbreth/apps/gcc/9.3.0-gcc-4.8.5-lquyj5b/include/c++/9.3.0/x86_64-pc-linux-gnu]
  collapse include dir [/apps/spack/gilbreth/apps/gcc/9.3.0-gcc-4.8.5-lquyj5b/lib/gcc/x86_64-pc-linux-gnu/9.3.0/../../../../include/c++/9.3.0/backward] ==> [/apps/spack/gilbreth/apps/gcc/9.3.0-gcc-4.8.5-lquyj5b/include/c++/9.3.0/backward]
  collapse include dir [/apps/spack/gilbreth/apps/gcc/9.3.0-gcc-4.8.5-lquyj5b/lib/gcc/x86_64-pc-linux-gnu/9.3.0/include] ==> [/apps/spack/gilbreth/apps/gcc/9.3.0-gcc-4.8.5-lquyj5b/lib/gcc/x86_64-pc-linux-gnu/9.3.0/include]
  collapse include dir [/usr/local/include] ==> [/usr/local/include]
  collapse include dir [/apps/spack/gilbreth/apps/gcc/9.3.0-gcc-4.8.5-lquyj5b/include] ==> [/apps/spack/gilbreth/apps/gcc/9.3.0-gcc-4.8.5-lquyj5b/include]
  collapse include dir [/apps/spack/gilbreth/apps/gcc/9.3.0-gcc-4.8.5-lquyj5b/lib/gcc/x86_64-pc-linux-gnu/9.3.0/include-fixed] ==> [/apps/spack/gilbreth/apps/gcc/9.3.0-gcc-4.8.5-lquyj5b/lib/gcc/x86_64-pc-linux-gnu/9.3.0/include-fixed]
  collapse include dir [/usr/include] ==> [/usr/include]
  implicit include dirs: [/apps/spack/gilbreth/apps/zlib/1.2.11-gcc-9.3.0-7x3gabj/include;/apps/spack/gilbreth/apps/mpc/1.1.0-gcc-4.8.5-eogmmao/include;/apps/spack/gilbreth/apps/mpfr/3.1.6-gcc-4.8.5-nsgsjfy/include;/apps/spack/gilbreth/apps/gmp/6.1.2-gcc-4.8.5-zn55wh7/include;/apps/gilbreth/cudnn/cuda11.2/8.1.0/include;/apps/spack/gilbreth/apps/anaconda/2020.11-py38-gcc-4.8.5-djkvkvk/include;/apps/spack/gilbreth/apps/gcc/9.3.0-gcc-4.8.5-lquyj5b/include/c++/9.3.0;/apps/spack/gilbreth/apps/gcc/9.3.0-gcc-4.8.5-lquyj5b/include/c++/9.3.0/x86_64-pc-linux-gnu;/apps/spack/gilbreth/apps/gcc/9.3.0-gcc-4.8.5-lquyj5b/include/c++/9.3.0/backward;/apps/spack/gilbreth/apps/gcc/9.3.0-gcc-4.8.5-lquyj5b/lib/gcc/x86_64-pc-linux-gnu/9.3.0/include;/usr/local/include;/apps/spack/gilbreth/apps/gcc/9.3.0-gcc-4.8.5-lquyj5b/include;/apps/spack/gilbreth/apps/gcc/9.3.0-gcc-4.8.5-lquyj5b/lib/gcc/x86_64-pc-linux-gnu/9.3.0/include-fixed;/usr/include]


Parsed CXX implicit link information from above output:
  link line regex: [^( *|.*[/\])(ld|CMAKE_LINK_STARTFILE-NOTFOUND|([^/\]+-)?ld|collect2)[^/\]*( |$)]
  ignore line: [Change Dir: /home/das90/GNNcodes/CVE2020/GNN-NC/Graph-Sparsification/CPPsamplerPy/build/CMakeFiles/CMakeTmp]
  ignore line: []
  ignore line: [Run Build Command(s):/bin/gmake cmTC_cf2a8/fast && /bin/gmake -f CMakeFiles/cmTC_cf2a8.dir/build.make CMakeFiles/cmTC_cf2a8.dir/build]
  ignore line: [gmake[1]: Entering directory `/home/das90/GNNcodes/CVE2020/GNN-NC/Graph-Sparsification/CPPsamplerPy/build/CMakeFiles/CMakeTmp']
  ignore line: [Building CXX object CMakeFiles/cmTC_cf2a8.dir/CMakeCXXCompilerABI.cpp.o]
  ignore line: [/apps/spack/gilbreth/apps/gcc/9.3.0-gcc-4.8.5-lquyj5b/bin/g++    -v -o CMakeFiles/cmTC_cf2a8.dir/CMakeCXXCompilerABI.cpp.o -c /apps/spack/gilbreth/apps/cmake/3.15.4-gcc-4.8.5-n32j6id/share/cmake-3.15/Modules/CMakeCXXCompilerABI.cpp]
  ignore line: [Reading specs from /apps/spack/gilbreth/apps/gcc/9.3.0-gcc-4.8.5-lquyj5b/lib/gcc/x86_64-pc-linux-gnu/9.3.0/specs]
  ignore line: [COLLECT_GCC=/apps/spack/gilbreth/apps/gcc/9.3.0-gcc-4.8.5-lquyj5b/bin/g++]
  ignore line: [Target: x86_64-pc-linux-gnu]
  ignore line: [Configured with: /tmp/rcactest/spack-stage-gcc-9.3.0-lquyj5bab5rtiyi2h5vgbkj53yvgpviy/spack-src/configure --prefix=/apps/spack/gilbreth/apps/gcc/9.3.0-gcc-4.8.5-lquyj5b --with-pkgversion='Spack GCC' --with-bugurl=https://github.com/spack/spack/issues --disable-multilib --enable-languages=c,c++,fortran --disable-nls --with-system-zlib --with-mpfr-include=/apps/spack/gilbreth/apps/mpfr/3.1.6-gcc-4.8.5-nsgsjfy/include --with-mpfr-lib=/apps/spack/gilbreth/apps/mpfr/3.1.6-gcc-4.8.5-nsgsjfy/lib --with-gmp-include=/apps/spack/gilbreth/apps/gmp/6.1.2-gcc-4.8.5-zn55wh7/include --with-gmp-lib=/apps/spack/gilbreth/apps/gmp/6.1.2-gcc-4.8.5-zn55wh7/lib --with-mpc-include=/apps/spack/gilbreth/apps/mpc/1.1.0-gcc-4.8.5-eogmmao/include --with-mpc-lib=/apps/spack/gilbreth/apps/mpc/1.1.0-gcc-4.8.5-eogmmao/lib --with-isl-include=/apps/spack/gilbreth/apps/isl/0.20-gcc-4.8.5-hyy2twd/include --with-isl-lib=/apps/spack/gilbreth/apps/isl/0.20-gcc-4.8.5-hyy2twd/lib --with-stage1-ldflags='-Wl,-rpath,/apps/spack/gilbreth/apps/gcc/9.3.0-gcc-4.8.5-lquyj5b/lib -Wl,-rpath,/apps/spack/gilbreth/apps/gcc/9.3.0-gcc-4.8.5-lquyj5b/lib64 -Wl,-rpath,/apps/spack/gilbreth/apps/gmp/6.1.2-gcc-4.8.5-zn55wh7/lib -Wl,-rpath,/apps/spack/gilbreth/apps/mpfr/3.1.6-gcc-4.8.5-nsgsjfy/lib -Wl,-rpath,/apps/spack/gilbreth/apps/mpc/1.1.0-gcc-4.8.5-eogmmao/lib -Wl,-rpath,/apps/spack/gilbreth/apps/isl/0.20-gcc-4.8.5-hyy2twd/lib -Wl,-rpath,/apps/spack/gilbreth/apps/zlib/1.2.11-gcc-4.8.5-pkmj6e7/lib' --with-boot-ldflags='-Wl,-rpath,/apps/spack/gilbreth/apps/gcc/9.3.0-gcc-4.8.5-lquyj5b/lib -Wl,-rpath,/apps/spack/gilbreth/apps/gcc/9.3.0-gcc-4.8.5-lquyj5b/lib64 -Wl,-rpath,/apps/spack/gilbreth/apps/gmp/6.1.2-gcc-4.8.5-zn55wh7/lib -Wl,-rpath,/apps/spack/gilbreth/apps/mpfr/3.1.6-gcc-4.8.5-nsgsjfy/lib -Wl,-rpath,/apps/spack/gilbreth/apps/mpc/1.1.0-gcc-4.8.5-eogmmao/lib -Wl,-rpath,/apps/spack/gilbreth/apps/isl/0.20-gcc-4.8.5-hyy2twd/lib -Wl,-rpath,/apps/spack/gilbreth/apps/zlib/1.2.11-gcc-4.8.5-pkmj6e7/lib -static-libstdc++ -static-libgcc']
  ignore line: [Thread model: posix]
  ignore line: [gcc version 9.3.0 (Spack GCC) ]
  ignore line: [COLLECT_GCC_OPTIONS='-v' '-o' 'CMakeFiles/cmTC_cf2a8.dir/CMakeCXXCompilerABI.cpp.o' '-c' '-shared-libgcc' '-mtune=generic' '-march=x86-64']
  ignore line: [ /apps/spack/gilbreth/apps/gcc/9.3.0-gcc-4.8.5-lquyj5b/libexec/gcc/x86_64-pc-linux-gnu/9.3.0/cc1plus -quiet -v -D_GNU_SOURCE /apps/spack/gilbreth/apps/cmake/3.15.4-gcc-4.8.5-n32j6id/share/cmake-3.15/Modules/CMakeCXXCompilerABI.cpp -quiet -dumpbase CMakeCXXCompilerABI.cpp -mtune=generic -march=x86-64 -auxbase-strip CMakeFiles/cmTC_cf2a8.dir/CMakeCXXCompilerABI.cpp.o -version -o /tmp/ccWeDgWE.s]
  ignore line: [GNU C++14 (Spack GCC) version 9.3.0 (x86_64-pc-linux-gnu)]
  ignore line: [	compiled by GNU C version 9.3.0, GMP version 6.1.2, MPFR version 3.1.6-p2, MPC version 1.1.0, isl version isl-0.20-GMP]
  ignore line: []
  ignore line: [GGC heuristics: --param ggc-min-expand=100 --param ggc-min-heapsize=131072]
  ignore line: [ignoring nonexistent directory "/apps/spack/gilbreth/apps/gcc/9.3.0-gcc-4.8.5-lquyj5b/lib/gcc/x86_64-pc-linux-gnu/9.3.0/../../../../x86_64-pc-linux-gnu/include"]
  ignore line: [ignoring duplicate directory "/apps/spack/gilbreth/apps/gcc/9.3.0-gcc-4.8.5-lquyj5b/include"]
  ignore line: [  as it is a non-system directory that duplicates a system directory]
  ignore line: [#include "..." search starts here:]
  ignore line: [#include <...> search starts here:]
  ignore line: [ /apps/spack/gilbreth/apps/zlib/1.2.11-gcc-9.3.0-7x3gabj/include]
  ignore line: [ /apps/spack/gilbreth/apps/mpc/1.1.0-gcc-4.8.5-eogmmao/include]
  ignore line: [ /apps/spack/gilbreth/apps/mpfr/3.1.6-gcc-4.8.5-nsgsjfy/include]
  ignore line: [ /apps/spack/gilbreth/apps/gmp/6.1.2-gcc-4.8.5-zn55wh7/include]
  ignore line: [ /apps/gilbreth/cudnn/cuda11.2/8.1.0/include]
  ignore line: [ /apps/spack/gilbreth/apps/anaconda/2020.11-py38-gcc-4.8.5-djkvkvk/include]
  ignore line: [ /apps/spack/gilbreth/apps/gcc/9.3.0-gcc-4.8.5-lquyj5b/lib/gcc/x86_64-pc-linux-gnu/9.3.0/../../../../include/c++/9.3.0]
  ignore line: [ /apps/spack/gilbreth/apps/gcc/9.3.0-gcc-4.8.5-lquyj5b/lib/gcc/x86_64-pc-linux-gnu/9.3.0/../../../../include/c++/9.3.0/x86_64-pc-linux-gnu]
  ignore line: [ /apps/spack/gilbreth/apps/gcc/9.3.0-gcc-4.8.5-lquyj5b/lib/gcc/x86_64-pc-linux-gnu/9.3.0/../../../../include/c++/9.3.0/backward]
  ignore line: [ /apps/spack/gilbreth/apps/gcc/9.3.0-gcc-4.8.5-lquyj5b/lib/gcc/x86_64-pc-linux-gnu/9.3.0/include]
  ignore line: [ /usr/local/include]
  ignore line: [ /apps/spack/gilbreth/apps/gcc/9.3.0-gcc-4.8.5-lquyj5b/include]
  ignore line: [ /apps/spack/gilbreth/apps/gcc/9.3.0-gcc-4.8.5-lquyj5b/lib/gcc/x86_64-pc-linux-gnu/9.3.0/include-fixed]
  ignore line: [ /usr/include]
  ignore line: [End of search list.]
  ignore line: [GNU C++14 (Spack GCC) version 9.3.0 (x86_64-pc-linux-gnu)]
  ignore line: [	compiled by GNU C version 9.3.0, GMP version 6.1.2, MPFR version 3.1.6-p2, MPC version 1.1.0, isl version isl-0.20-GMP]
  ignore line: []
  ignore line: [GGC heuristics: --param ggc-min-expand=100 --param ggc-min-heapsize=131072]
  ignore line: [Compiler executable checksum: 0df5713146d04cb2bae8785a6bd8a84a]
  ignore line: [COLLECT_GCC_OPTIONS='-v' '-o' 'CMakeFiles/cmTC_cf2a8.dir/CMakeCXXCompilerABI.cpp.o' '-c' '-shared-libgcc' '-mtune=generic' '-march=x86-64']
  ignore line: [ as -v --64 -o CMakeFiles/cmTC_cf2a8.dir/CMakeCXXCompilerABI.cpp.o /tmp/ccWeDgWE.s]
  ignore line: [GNU assembler version 2.27 (x86_64-redhat-linux) using BFD version version 2.27-44.base.el7_9.1]
  ignore line: [COMPILER_PATH=/apps/spack/gilbreth/apps/gcc/9.3.0-gcc-4.8.5-lquyj5b/libexec/gcc/x86_64-pc-linux-gnu/9.3.0/:/apps/spack/gilbreth/apps/gcc/9.3.0-gcc-4.8.5-lquyj5b/libexec/gcc/x86_64-pc-linux-gnu/9.3.0/:/apps/spack/gilbreth/apps/gcc/9.3.0-gcc-4.8.5-lquyj5b/libexec/gcc/x86_64-pc-linux-gnu/:/apps/spack/gilbreth/apps/gcc/9.3.0-gcc-4.8.5-lquyj5b/lib/gcc/x86_64-pc-linux-gnu/9.3.0/:/apps/spack/gilbreth/apps/gcc/9.3.0-gcc-4.8.5-lquyj5b/lib/gcc/x86_64-pc-linux-gnu/]
  ignore line: [LIBRARY_PATH=/apps/spack/gilbreth/apps/gcc/9.3.0-gcc-4.8.5-lquyj5b/lib64/../lib64/:/apps/spack/gilbreth/apps/gcc/9.3.0-gcc-4.8.5-lquyj5b/lib/../lib64/:/apps/gilbreth/cudnn/cuda11.2/8.1.0/lib64/../lib64/:/apps/spack/gilbreth/apps/gcc/9.3.0-gcc-4.8.5-lquyj5b/lib/gcc/x86_64-pc-linux-gnu/9.3.0/:/apps/spack/gilbreth/apps/gcc/9.3.0-gcc-4.8.5-lquyj5b/lib/gcc/x86_64-pc-linux-gnu/9.3.0/../../../../lib64/:/lib/../lib64/:/usr/lib/../lib64/:/apps/spack/gilbreth/apps/gcc/9.3.0-gcc-4.8.5-lquyj5b/lib64/:/apps/spack/gilbreth/apps/gcc/9.3.0-gcc-4.8.5-lquyj5b/lib/:/apps/spack/gilbreth/apps/zlib/1.2.11-gcc-9.3.0-7x3gabj/lib/:/apps/spack/gilbreth/apps/mpc/1.1.0-gcc-4.8.5-eogmmao/lib/:/apps/spack/gilbreth/apps/mpfr/3.1.6-gcc-4.8.5-nsgsjfy/lib/:/apps/spack/gilbreth/apps/gmp/6.1.2-gcc-4.8.5-zn55wh7/lib/:/apps/gilbreth/cudnn/cuda11.2/8.1.0/lib64/:/apps/spack/gilbreth/apps/anaconda/2020.11-py38-gcc-4.8.5-djkvkvk/lib/:/apps/spack/gilbreth/apps/gcc/9.3.0-gcc-4.8.5-lquyj5b/lib/gcc/x86_64-pc-linux-gnu/9.3.0/../../../:/lib/:/usr/lib/]
  ignore line: [COLLECT_GCC_OPTIONS='-v' '-o' 'CMakeFiles/cmTC_cf2a8.dir/CMakeCXXCompilerABI.cpp.o' '-c' '-shared-libgcc' '-mtune=generic' '-march=x86-64']
  ignore line: [Linking CXX executable cmTC_cf2a8]
  ignore line: [/apps/spack/gilbreth/apps/cmake/3.15.4-gcc-4.8.5-n32j6id/bin/cmake -E cmake_link_script CMakeFiles/cmTC_cf2a8.dir/link.txt --verbose=1]
  ignore line: [/apps/spack/gilbreth/apps/gcc/9.3.0-gcc-4.8.5-lquyj5b/bin/g++      -v -rdynamic CMakeFiles/cmTC_cf2a8.dir/CMakeCXXCompilerABI.cpp.o  -o cmTC_cf2a8 ]
  ignore line: [Reading specs from /apps/spack/gilbreth/apps/gcc/9.3.0-gcc-4.8.5-lquyj5b/lib/gcc/x86_64-pc-linux-gnu/9.3.0/specs]
  ignore line: [COLLECT_GCC=/apps/spack/gilbreth/apps/gcc/9.3.0-gcc-4.8.5-lquyj5b/bin/g++]
  ignore line: [COLLECT_LTO_WRAPPER=/apps/spack/gilbreth/apps/gcc/9.3.0-gcc-4.8.5-lquyj5b/libexec/gcc/x86_64-pc-linux-gnu/9.3.0/lto-wrapper]
  ignore line: [Target: x86_64-pc-linux-gnu]
  ignore line: [Configured with: /tmp/rcactest/spack-stage-gcc-9.3.0-lquyj5bab5rtiyi2h5vgbkj53yvgpviy/spack-src/configure --prefix=/apps/spack/gilbreth/apps/gcc/9.3.0-gcc-4.8.5-lquyj5b --with-pkgversion='Spack GCC' --with-bugurl=https://github.com/spack/spack/issues --disable-multilib --enable-languages=c,c++,fortran --disable-nls --with-system-zlib --with-mpfr-include=/apps/spack/gilbreth/apps/mpfr/3.1.6-gcc-4.8.5-nsgsjfy/include --with-mpfr-lib=/apps/spack/gilbreth/apps/mpfr/3.1.6-gcc-4.8.5-nsgsjfy/lib --with-gmp-include=/apps/spack/gilbreth/apps/gmp/6.1.2-gcc-4.8.5-zn55wh7/include --with-gmp-lib=/apps/spack/gilbreth/apps/gmp/6.1.2-gcc-4.8.5-zn55wh7/lib --with-mpc-include=/apps/spack/gilbreth/apps/mpc/1.1.0-gcc-4.8.5-eogmmao/include --with-mpc-lib=/apps/spack/gilbreth/apps/mpc/1.1.0-gcc-4.8.5-eogmmao/lib --with-isl-include=/apps/spack/gilbreth/apps/isl/0.20-gcc-4.8.5-hyy2twd/include --with-isl-lib=/apps/spack/gilbreth/apps/isl/0.20-gcc-4.8.5-hyy2twd/lib --with-stage1-ldflags='-Wl,-rpath,/apps/spack/gilbreth/apps/gcc/9.3.0-gcc-4.8.5-lquyj5b/lib -Wl,-rpath,/apps/spack/gilbreth/apps/gcc/9.3.0-gcc-4.8.5-lquyj5b/lib64 -Wl,-rpath,/apps/spack/gilbreth/apps/gmp/6.1.2-gcc-4.8.5-zn55wh7/lib -Wl,-rpath,/apps/spack/gilbreth/apps/mpfr/3.1.6-gcc-4.8.5-nsgsjfy/lib -Wl,-rpath,/apps/spack/gilbreth/apps/mpc/1.1.0-gcc-4.8.5-eogmmao/lib -Wl,-rpath,/apps/spack/gilbreth/apps/isl/0.20-gcc-4.8.5-hyy2twd/lib -Wl,-rpath,/apps/spack/gilbreth/apps/zlib/1.2.11-gcc-4.8.5-pkmj6e7/lib' --with-boot-ldflags='-Wl,-rpath,/apps/spack/gilbreth/apps/gcc/9.3.0-gcc-4.8.5-lquyj5b/lib -Wl,-rpath,/apps/spack/gilbreth/apps/gcc/9.3.0-gcc-4.8.5-lquyj5b/lib64 -Wl,-rpath,/apps/spack/gilbreth/apps/gmp/6.1.2-gcc-4.8.5-zn55wh7/lib -Wl,-rpath,/apps/spack/gilbreth/apps/mpfr/3.1.6-gcc-4.8.5-nsgsjfy/lib -Wl,-rpath,/apps/spack/gilbreth/apps/mpc/1.1.0-gcc-4.8.5-eogmmao/lib -Wl,-rpath,/apps/spack/gilbreth/apps/isl/0.20-gcc-4.8.5-hyy2twd/lib -Wl,-rpath,/apps/spack/gilbreth/apps/zlib/1.2.11-gcc-4.8.5-pkmj6e7/lib -static-libstdc++ -static-libgcc']
  ignore line: [Thread model: posix]
  ignore line: [gcc version 9.3.0 (Spack GCC) ]
  ignore line: [COMPILER_PATH=/apps/spack/gilbreth/apps/gcc/9.3.0-gcc-4.8.5-lquyj5b/libexec/gcc/x86_64-pc-linux-gnu/9.3.0/:/apps/spack/gilbreth/apps/gcc/9.3.0-gcc-4.8.5-lquyj5b/libexec/gcc/x86_64-pc-linux-gnu/9.3.0/:/apps/spack/gilbreth/apps/gcc/9.3.0-gcc-4.8.5-lquyj5b/libexec/gcc/x86_64-pc-linux-gnu/:/apps/spack/gilbreth/apps/gcc/9.3.0-gcc-4.8.5-lquyj5b/lib/gcc/x86_64-pc-linux-gnu/9.3.0/:/apps/spack/gilbreth/apps/gcc/9.3.0-gcc-4.8.5-lquyj5b/lib/gcc/x86_64-pc-linux-gnu/]
  ignore line: [LIBRARY_PATH=/apps/spack/gilbreth/apps/gcc/9.3.0-gcc-4.8.5-lquyj5b/lib64/../lib64/:/apps/spack/gilbreth/apps/gcc/9.3.0-gcc-4.8.5-lquyj5b/lib/../lib64/:/apps/gilbreth/cudnn/cuda11.2/8.1.0/lib64/../lib64/:/apps/spack/gilbreth/apps/gcc/9.3.0-gcc-4.8.5-lquyj5b/lib/gcc/x86_64-pc-linux-gnu/9.3.0/:/apps/spack/gilbreth/apps/gcc/9.3.0-gcc-4.8.5-lquyj5b/lib/gcc/x86_64-pc-linux-gnu/9.3.0/../../../../lib64/:/lib/../lib64/:/usr/lib/../lib64/:/apps/spack/gilbreth/apps/gcc/9.3.0-gcc-4.8.5-lquyj5b/lib64/:/apps/spack/gilbreth/apps/gcc/9.3.0-gcc-4.8.5-lquyj5b/lib/:/apps/spack/gilbreth/apps/zlib/1.2.11-gcc-9.3.0-7x3gabj/lib/:/apps/spack/gilbreth/apps/mpc/1.1.0-gcc-4.8.5-eogmmao/lib/:/apps/spack/gilbreth/apps/mpfr/3.1.6-gcc-4.8.5-nsgsjfy/lib/:/apps/spack/gilbreth/apps/gmp/6.1.2-gcc-4.8.5-zn55wh7/lib/:/apps/gilbreth/cudnn/cuda11.2/8.1.0/lib64/:/apps/spack/gilbreth/apps/anaconda/2020.11-py38-gcc-4.8.5-djkvkvk/lib/:/apps/spack/gilbreth/apps/gcc/9.3.0-gcc-4.8.5-lquyj5b/lib/gcc/x86_64-pc-linux-gnu/9.3.0/../../../:/lib/:/usr/lib/]
  ignore line: [COLLECT_GCC_OPTIONS='-v' '-rdynamic' '-o' 'cmTC_cf2a8' '-shared-libgcc' '-mtune=generic' '-march=x86-64']
  link line: [ /apps/spack/gilbreth/apps/gcc/9.3.0-gcc-4.8.5-lquyj5b/libexec/gcc/x86_64-pc-linux-gnu/9.3.0/collect2 -plugin /apps/spack/gilbreth/apps/gcc/9.3.0-gcc-4.8.5-lquyj5b/libexec/gcc/x86_64-pc-linux-gnu/9.3.0/liblto_plugin.so -plugin-opt=/apps/spack/gilbreth/apps/gcc/9.3.0-gcc-4.8.5-lquyj5b/libexec/gcc/x86_64-pc-linux-gnu/9.3.0/lto-wrapper -plugin-opt=-fresolution=/tmp/ccyZ17UH.res -plugin-opt=-pass-through=-lgcc_s -plugin-opt=-pass-through=-lgcc -plugin-opt=-pass-through=-lc -plugin-opt=-pass-through=-lgcc_s -plugin-opt=-pass-through=-lgcc -rpath /apps/spack/gilbreth/apps/gcc/9.3.0-gcc-4.8.5-lquyj5b/lib:/apps/spack/gilbreth/apps/gcc/9.3.0-gcc-4.8.5-lquyj5b/lib64 --eh-frame-hdr -m elf_x86_64 -export-dynamic -dynamic-linker /lib64/ld-linux-x86-64.so.2 -o cmTC_cf2a8 /lib/../lib64/crt1.o /lib/../lib64/crti.o /apps/spack/gilbreth/apps/gcc/9.3.0-gcc-4.8.5-lquyj5b/lib/gcc/x86_64-pc-linux-gnu/9.3.0/crtbegin.o -L/apps/spack/gilbreth/apps/gcc/9.3.0-gcc-4.8.5-lquyj5b/lib64/../lib64 -L/apps/spack/gilbreth/apps/gcc/9.3.0-gcc-4.8.5-lquyj5b/lib/../lib64 -L/apps/gilbreth/cudnn/cuda11.2/8.1.0/lib64/../lib64 -L/apps/spack/gilbreth/apps/gcc/9.3.0-gcc-4.8.5-lquyj5b/lib/gcc/x86_64-pc-linux-gnu/9.3.0 -L/apps/spack/gilbreth/apps/gcc/9.3.0-gcc-4.8.5-lquyj5b/lib/gcc/x86_64-pc-linux-gnu/9.3.0/../../../../lib64 -L/lib/../lib64 -L/usr/lib/../lib64 -L/apps/spack/gilbreth/apps/gcc/9.3.0-gcc-4.8.5-lquyj5b/lib64 -L/apps/spack/gilbreth/apps/gcc/9.3.0-gcc-4.8.5-lquyj5b/lib -L/apps/spack/gilbreth/apps/zlib/1.2.11-gcc-9.3.0-7x3gabj/lib -L/apps/spack/gilbreth/apps/mpc/1.1.0-gcc-4.8.5-eogmmao/lib -L/apps/spack/gilbreth/apps/mpfr/3.1.6-gcc-4.8.5-nsgsjfy/lib -L/apps/spack/gilbreth/apps/gmp/6.1.2-gcc-4.8.5-zn55wh7/lib -L/apps/gilbreth/cudnn/cuda11.2/8.1.0/lib64 -L/apps/spack/gilbreth/apps/anaconda/2020.11-py38-gcc-4.8.5-djkvkvk/lib -L/apps/spack/gilbreth/apps/gcc/9.3.0-gcc-4.8.5-lquyj5b/lib/gcc/x86_64-pc-linux-gnu/9.3.0/../../.. CMakeFiles/cmTC_cf2a8.dir/CMakeCXXCompilerABI.cpp.o -lstdc++ -lm -lgcc_s -lgcc -lc -lgcc_s -lgcc /apps/spack/gilbreth/apps/gcc/9.3.0-gcc-4.8.5-lquyj5b/lib/gcc/x86_64-pc-linux-gnu/9.3.0/crtend.o /lib/../lib64/crtn.o]
    arg [/apps/spack/gilbreth/apps/gcc/9.3.0-gcc-4.8.5-lquyj5b/libexec/gcc/x86_64-pc-linux-gnu/9.3.0/collect2] ==> ignore
    arg [-plugin] ==> ignore
    arg [/apps/spack/gilbreth/apps/gcc/9.3.0-gcc-4.8.5-lquyj5b/libexec/gcc/x86_64-pc-linux-gnu/9.3.0/liblto_plugin.so] ==> ignore
    arg [-plugin-opt=/apps/spack/gilbreth/apps/gcc/9.3.0-gcc-4.8.5-lquyj5b/libexec/gcc/x86_64-pc-linux-gnu/9.3.0/lto-wrapper] ==> ignore
    arg [-plugin-opt=-fresolution=/tmp/ccyZ17UH.res] ==> ignore
    arg [-plugin-opt=-pass-through=-lgcc_s] ==> ignore
    arg [-plugin-opt=-pass-through=-lgcc] ==> ignore
    arg [-plugin-opt=-pass-through=-lc] ==> ignore
    arg [-plugin-opt=-pass-through=-lgcc_s] ==> ignore
    arg [-plugin-opt=-pass-through=-lgcc] ==> ignore
    arg [-rpath] ==> ignore
    arg [/apps/spack/gilbreth/apps/gcc/9.3.0-gcc-4.8.5-lquyj5b/lib:/apps/spack/gilbreth/apps/gcc/9.3.0-gcc-4.8.5-lquyj5b/lib64] ==> ignore
    arg [--eh-frame-hdr] ==> ignore
    arg [-m] ==> ignore
    arg [elf_x86_64] ==> ignore
    arg [-export-dynamic] ==> ignore
    arg [-dynamic-linker] ==> ignore
    arg [/lib64/ld-linux-x86-64.so.2] ==> ignore
    arg [-o] ==> ignore
    arg [cmTC_cf2a8] ==> ignore
    arg [/lib/../lib64/crt1.o] ==> ignore
    arg [/lib/../lib64/crti.o] ==> ignore
    arg [/apps/spack/gilbreth/apps/gcc/9.3.0-gcc-4.8.5-lquyj5b/lib/gcc/x86_64-pc-linux-gnu/9.3.0/crtbegin.o] ==> ignore
    arg [-L/apps/spack/gilbreth/apps/gcc/9.3.0-gcc-4.8.5-lquyj5b/lib64/../lib64] ==> dir [/apps/spack/gilbreth/apps/gcc/9.3.0-gcc-4.8.5-lquyj5b/lib64/../lib64]
    arg [-L/apps/spack/gilbreth/apps/gcc/9.3.0-gcc-4.8.5-lquyj5b/lib/../lib64] ==> dir [/apps/spack/gilbreth/apps/gcc/9.3.0-gcc-4.8.5-lquyj5b/lib/../lib64]
    arg [-L/apps/gilbreth/cudnn/cuda11.2/8.1.0/lib64/../lib64] ==> dir [/apps/gilbreth/cudnn/cuda11.2/8.1.0/lib64/../lib64]
    arg [-L/apps/spack/gilbreth/apps/gcc/9.3.0-gcc-4.8.5-lquyj5b/lib/gcc/x86_64-pc-linux-gnu/9.3.0] ==> dir [/apps/spack/gilbreth/apps/gcc/9.3.0-gcc-4.8.5-lquyj5b/lib/gcc/x86_64-pc-linux-gnu/9.3.0]
    arg [-L/apps/spack/gilbreth/apps/gcc/9.3.0-gcc-4.8.5-lquyj5b/lib/gcc/x86_64-pc-linux-gnu/9.3.0/../../../../lib64] ==> dir [/apps/spack/gilbreth/apps/gcc/9.3.0-gcc-4.8.5-lquyj5b/lib/gcc/x86_64-pc-linux-gnu/9.3.0/../../../../lib64]
    arg [-L/lib/../lib64] ==> dir [/lib/../lib64]
    arg [-L/usr/lib/../lib64] ==> dir [/usr/lib/../lib64]
    arg [-L/apps/spack/gilbreth/apps/gcc/9.3.0-gcc-4.8.5-lquyj5b/lib64] ==> dir [/apps/spack/gilbreth/apps/gcc/9.3.0-gcc-4.8.5-lquyj5b/lib64]
    arg [-L/apps/spack/gilbreth/apps/gcc/9.3.0-gcc-4.8.5-lquyj5b/lib] ==> dir [/apps/spack/gilbreth/apps/gcc/9.3.0-gcc-4.8.5-lquyj5b/lib]
    arg [-L/apps/spack/gilbreth/apps/zlib/1.2.11-gcc-9.3.0-7x3gabj/lib] ==> dir [/apps/spack/gilbreth/apps/zlib/1.2.11-gcc-9.3.0-7x3gabj/lib]
    arg [-L/apps/spack/gilbreth/apps/mpc/1.1.0-gcc-4.8.5-eogmmao/lib] ==> dir [/apps/spack/gilbreth/apps/mpc/1.1.0-gcc-4.8.5-eogmmao/lib]
    arg [-L/apps/spack/gilbreth/apps/mpfr/3.1.6-gcc-4.8.5-nsgsjfy/lib] ==> dir [/apps/spack/gilbreth/apps/mpfr/3.1.6-gcc-4.8.5-nsgsjfy/lib]
    arg [-L/apps/spack/gilbreth/apps/gmp/6.1.2-gcc-4.8.5-zn55wh7/lib] ==> dir [/apps/spack/gilbreth/apps/gmp/6.1.2-gcc-4.8.5-zn55wh7/lib]
    arg [-L/apps/gilbreth/cudnn/cuda11.2/8.1.0/lib64] ==> dir [/apps/gilbreth/cudnn/cuda11.2/8.1.0/lib64]
    arg [-L/apps/spack/gilbreth/apps/anaconda/2020.11-py38-gcc-4.8.5-djkvkvk/lib] ==> dir [/apps/spack/gilbreth/apps/anaconda/2020.11-py38-gcc-4.8.5-djkvkvk/lib]
    arg [-L/apps/spack/gilbreth/apps/gcc/9.3.0-gcc-4.8.5-lquyj5b/lib/gcc/x86_64-pc-linux-gnu/9.3.0/../../..] ==> dir [/apps/spack/gilbreth/apps/gcc/9.3.0-gcc-4.8.5-lquyj5b/lib/gcc/x86_64-pc-linux-gnu/9.3.0/../../..]
    arg [CMakeFiles/cmTC_cf2a8.dir/CMakeCXXCompilerABI.cpp.o] ==> ignore
    arg [-lstdc++] ==> lib [stdc++]
    arg [-lm] ==> lib [m]
    arg [-lgcc_s] ==> lib [gcc_s]
    arg [-lgcc] ==> lib [gcc]
    arg [-lc] ==> lib [c]
    arg [-lgcc_s] ==> lib [gcc_s]
    arg [-lgcc] ==> lib [gcc]
    arg [/apps/spack/gilbreth/apps/gcc/9.3.0-gcc-4.8.5-lquyj5b/lib/gcc/x86_64-pc-linux-gnu/9.3.0/crtend.o] ==> ignore
    arg [/lib/../lib64/crtn.o] ==> ignore
  collapse library dir [/apps/spack/gilbreth/apps/gcc/9.3.0-gcc-4.8.5-lquyj5b/lib64/../lib64] ==> [/apps/spack/gilbreth/apps/gcc/9.3.0-gcc-4.8.5-lquyj5b/lib64]
  collapse library dir [/apps/spack/gilbreth/apps/gcc/9.3.0-gcc-4.8.5-lquyj5b/lib/../lib64] ==> [/apps/spack/gilbreth/apps/gcc/9.3.0-gcc-4.8.5-lquyj5b/lib64]
  collapse library dir [/apps/gilbreth/cudnn/cuda11.2/8.1.0/lib64/../lib64] ==> [/apps/gilbreth/cudnn/cuda11.2/8.1.0/lib64]
  collapse library dir [/apps/spack/gilbreth/apps/gcc/9.3.0-gcc-4.8.5-lquyj5b/lib/gcc/x86_64-pc-linux-gnu/9.3.0] ==> [/apps/spack/gilbreth/apps/gcc/9.3.0-gcc-4.8.5-lquyj5b/lib/gcc/x86_64-pc-linux-gnu/9.3.0]
  collapse library dir [/apps/spack/gilbreth/apps/gcc/9.3.0-gcc-4.8.5-lquyj5b/lib/gcc/x86_64-pc-linux-gnu/9.3.0/../../../../lib64] ==> [/apps/spack/gilbreth/apps/gcc/9.3.0-gcc-4.8.5-lquyj5b/lib64]
  collapse library dir [/lib/../lib64] ==> [/lib64]
  collapse library dir [/usr/lib/../lib64] ==> [/usr/lib64]
  collapse library dir [/apps/spack/gilbreth/apps/gcc/9.3.0-gcc-4.8.5-lquyj5b/lib64] ==> [/apps/spack/gilbreth/apps/gcc/9.3.0-gcc-4.8.5-lquyj5b/lib64]
  collapse library dir [/apps/spack/gilbreth/apps/gcc/9.3.0-gcc-4.8.5-lquyj5b/lib] ==> [/apps/spack/gilbreth/apps/gcc/9.3.0-gcc-4.8.5-lquyj5b/lib]
  collapse library dir [/apps/spack/gilbreth/apps/zlib/1.2.11-gcc-9.3.0-7x3gabj/lib] ==> [/apps/spack/gilbreth/apps/zlib/1.2.11-gcc-9.3.0-7x3gabj/lib]
  collapse library dir [/apps/spack/gilbreth/apps/mpc/1.1.0-gcc-4.8.5-eogmmao/lib] ==> [/apps/spack/gilbreth/apps/mpc/1.1.0-gcc-4.8.5-eogmmao/lib]
  collapse library dir [/apps/spack/gilbreth/apps/mpfr/3.1.6-gcc-4.8.5-nsgsjfy/lib] ==> [/apps/spack/gilbreth/apps/mpfr/3.1.6-gcc-4.8.5-nsgsjfy/lib]
  collapse library dir [/apps/spack/gilbreth/apps/gmp/6.1.2-gcc-4.8.5-zn55wh7/lib] ==> [/apps/spack/gilbreth/apps/gmp/6.1.2-gcc-4.8.5-zn55wh7/lib]
  collapse library dir [/apps/gilbreth/cudnn/cuda11.2/8.1.0/lib64] ==> [/apps/gilbreth/cudnn/cuda11.2/8.1.0/lib64]
  collapse library dir [/apps/spack/gilbreth/apps/anaconda/2020.11-py38-gcc-4.8.5-djkvkvk/lib] ==> [/apps/spack/gilbreth/apps/anaconda/2020.11-py38-gcc-4.8.5-djkvkvk/lib]
  collapse library dir [/apps/spack/gilbreth/apps/gcc/9.3.0-gcc-4.8.5-lquyj5b/lib/gcc/x86_64-pc-linux-gnu/9.3.0/../../..] ==> [/apps/spack/gilbreth/apps/gcc/9.3.0-gcc-4.8.5-lquyj5b/lib]
  implicit libs: [stdc++;m;gcc_s;gcc;c;gcc_s;gcc]
  implicit dirs: [/apps/spack/gilbreth/apps/gcc/9.3.0-gcc-4.8.5-lquyj5b/lib64;/apps/gilbreth/cudnn/cuda11.2/8.1.0/lib64;/apps/spack/gilbreth/apps/gcc/9.3.0-gcc-4.8.5-lquyj5b/lib/gcc/x86_64-pc-linux-gnu/9.3.0;/lib64;/usr/lib64;/apps/spack/gilbreth/apps/gcc/9.3.0-gcc-4.8.5-lquyj5b/lib;/apps/spack/gilbreth/apps/zlib/1.2.11-gcc-9.3.0-7x3gabj/lib;/apps/spack/gilbreth/apps/mpc/1.1.0-gcc-4.8.5-eogmmao/lib;/apps/spack/gilbreth/apps/mpfr/3.1.6-gcc-4.8.5-nsgsjfy/lib;/apps/spack/gilbreth/apps/gmp/6.1.2-gcc-4.8.5-zn55wh7/lib;/apps/spack/gilbreth/apps/anaconda/2020.11-py38-gcc-4.8.5-djkvkvk/lib]
  implicit fwks: []


Determining if the include file pthread.h exists passed with the following output:
Change Dir: /home/das90/GNNcodes/CVE2020/GNN-NC/Graph-Sparsification/CPPsamplerPy/build/CMakeFiles/CMakeTmp

Run Build Command(s):/bin/gmake cmTC_f82a4/fast && /bin/gmake -f CMakeFiles/cmTC_f82a4.dir/build.make CMakeFiles/cmTC_f82a4.dir/build
gmake[1]: Entering directory `/home/das90/GNNcodes/CVE2020/GNN-NC/Graph-Sparsification/CPPsamplerPy/build/CMakeFiles/CMakeTmp'
Building C object CMakeFiles/cmTC_f82a4.dir/CheckIncludeFile.c.o
/apps/spack/gilbreth/apps/gcc/9.3.0-gcc-4.8.5-lquyj5b/bin/gcc    -o CMakeFiles/cmTC_f82a4.dir/CheckIncludeFile.c.o   -c /home/das90/GNNcodes/CVE2020/GNN-NC/Graph-Sparsification/CPPsamplerPy/build/CMakeFiles/CMakeTmp/CheckIncludeFile.c
Linking C executable cmTC_f82a4
/apps/spack/gilbreth/apps/cmake/3.15.4-gcc-4.8.5-n32j6id/bin/cmake -E cmake_link_script CMakeFiles/cmTC_f82a4.dir/link.txt --verbose=1
/apps/spack/gilbreth/apps/gcc/9.3.0-gcc-4.8.5-lquyj5b/bin/gcc      -rdynamic CMakeFiles/cmTC_f82a4.dir/CheckIncludeFile.c.o  -o cmTC_f82a4 
/usr/bin/uuidgen: /apps/spack/gilbreth/apps/anaconda/2020.11-py38-gcc-4.8.5-djkvkvk/lib/libuuid.so.1: no version information available (required by /usr/bin/uuidgen)
gmake[1]: Leaving directory `/home/das90/GNNcodes/CVE2020/GNN-NC/Graph-Sparsification/CPPsamplerPy/build/CMakeFiles/CMakeTmp'



Determining if the function pthread_create exists in the pthread passed with the following output:
Change Dir: /home/das90/GNNcodes/CVE2020/GNN-NC/Graph-Sparsification/CPPsamplerPy/build/CMakeFiles/CMakeTmp

Run Build Command(s):/bin/gmake cmTC_23111/fast && /bin/gmake -f CMakeFiles/cmTC_23111.dir/build.make CMakeFiles/cmTC_23111.dir/build
gmake[1]: Entering directory `/home/das90/GNNcodes/CVE2020/GNN-NC/Graph-Sparsification/CPPsamplerPy/build/CMakeFiles/CMakeTmp'
Building C object CMakeFiles/cmTC_23111.dir/CheckFunctionExists.c.o
/apps/spack/gilbreth/apps/gcc/9.3.0-gcc-4.8.5-lquyj5b/bin/gcc   -DCHECK_FUNCTION_EXISTS=pthread_create   -o CMakeFiles/cmTC_23111.dir/CheckFunctionExists.c.o   -c /apps/spack/gilbreth/apps/cmake/3.15.4-gcc-4.8.5-n32j6id/share/cmake-3.15/Modules/CheckFunctionExists.c
Linking C executable cmTC_23111
/apps/spack/gilbreth/apps/cmake/3.15.4-gcc-4.8.5-n32j6id/bin/cmake -E cmake_link_script CMakeFiles/cmTC_23111.dir/link.txt --verbose=1
/apps/spack/gilbreth/apps/gcc/9.3.0-gcc-4.8.5-lquyj5b/bin/gcc  -DCHECK_FUNCTION_EXISTS=pthread_create    -rdynamic CMakeFiles/cmTC_23111.dir/CheckFunctionExists.c.o  -o cmTC_23111 -lpthread 
/usr/bin/uuidgen: /apps/spack/gilbreth/apps/anaconda/2020.11-py38-gcc-4.8.5-djkvkvk/lib/libuuid.so.1: no version information available (required by /usr/bin/uuidgen)
gmake[1]: Leaving directory `/home/das90/GNNcodes/CVE2020/GNN-NC/Graph-Sparsification/CPPsamplerPy/build/CMakeFiles/CMakeTmp'



Performing C++ SOURCE FILE Test HAS_FLTO succeeded with the following output:
Change Dir: /home/das90/GNNcodes/CVE2020/GNN-NC/Graph-Sparsification/CPPsamplerPy/build/CMakeFiles/CMakeTmp

Run Build Command(s):/bin/gmake cmTC_b5c34/fast && /bin/gmake -f CMakeFiles/cmTC_b5c34.dir/build.make CMakeFiles/cmTC_b5c34.dir/build
gmake[1]: Entering directory `/home/das90/GNNcodes/CVE2020/GNN-NC/Graph-Sparsification/CPPsamplerPy/build/CMakeFiles/CMakeTmp'
Building CXX object CMakeFiles/cmTC_b5c34.dir/src.cxx.o
/apps/spack/gilbreth/apps/gcc/9.3.0-gcc-4.8.5-lquyj5b/bin/g++    -DHAS_FLTO   -flto -fno-fat-lto-objects -o CMakeFiles/cmTC_b5c34.dir/src.cxx.o -c /home/das90/GNNcodes/CVE2020/GNN-NC/Graph-Sparsification/CPPsamplerPy/build/CMakeFiles/CMakeTmp/src.cxx
Linking CXX executable cmTC_b5c34
/apps/spack/gilbreth/apps/cmake/3.15.4-gcc-4.8.5-n32j6id/bin/cmake -E cmake_link_script CMakeFiles/cmTC_b5c34.dir/link.txt --verbose=1
/apps/spack/gilbreth/apps/gcc/9.3.0-gcc-4.8.5-lquyj5b/bin/g++   -DHAS_FLTO    -rdynamic CMakeFiles/cmTC_b5c34.dir/src.cxx.o  -o cmTC_b5c34 -flto 
/usr/bin/uuidgen: /apps/spack/gilbreth/apps/anaconda/2020.11-py38-gcc-4.8.5-djkvkvk/lib/libuuid.so.1: no version information available (required by /usr/bin/uuidgen)
gmake[1]: Leaving directory `/home/das90/GNNcodes/CVE2020/GNN-NC/Graph-Sparsification/CPPsamplerPy/build/CMakeFiles/CMakeTmp'


Source file was:
int main() { return 0; }
