Performing C SOURCE FILE Test CMAKE_HAVE_LIBC_PTHREAD failed with the following output:
Change Dir: /home/das90/GNNcodes/CVE2020/GNN-NC/Graph-Sparsification/CPPsamplerPy/build/CMakeFiles/CMakeTmp

Run Build Command(s):/bin/gmake cmTC_41666/fast && /bin/gmake -f CMakeFiles/cmTC_41666.dir/build.make CMakeFiles/cmTC_41666.dir/build
gmake[1]: Entering directory `/home/das90/GNNcodes/CVE2020/GNN-NC/Graph-Sparsification/CPPsamplerPy/build/CMakeFiles/CMakeTmp'
Building C object CMakeFiles/cmTC_41666.dir/src.c.o
/apps/spack/gilbreth/apps/gcc/9.3.0-gcc-4.8.5-lquyj5b/bin/gcc   -DCMAKE_HAVE_LIBC_PTHREAD   -o CMakeFiles/cmTC_41666.dir/src.c.o   -c /home/das90/GNNcodes/CVE2020/GNN-NC/Graph-Sparsification/CPPsamplerPy/build/CMakeFiles/CMakeTmp/src.c
Linking C executable cmTC_41666
/apps/spack/gilbreth/apps/cmake/3.15.4-gcc-4.8.5-n32j6id/bin/cmake -E cmake_link_script CMakeFiles/cmTC_41666.dir/link.txt --verbose=1
/apps/spack/gilbreth/apps/gcc/9.3.0-gcc-4.8.5-lquyj5b/bin/gcc  -DCMAKE_HAVE_LIBC_PTHREAD    -rdynamic CMakeFiles/cmTC_41666.dir/src.c.o  -o cmTC_41666 
/usr/bin/uuidgen: /apps/spack/gilbreth/apps/anaconda/2020.11-py38-gcc-4.8.5-djkvkvk/lib/libuuid.so.1: no version information available (required by /usr/bin/uuidgen)
CMakeFiles/cmTC_41666.dir/src.c.o: In function `main':
src.c:(.text+0x2d): undefined reference to `pthread_create'
src.c:(.text+0x39): undefined reference to `pthread_detach'
src.c:(.text+0x4a): undefined reference to `pthread_join'
src.c:(.text+0x5e): undefined reference to `pthread_atfork'
/bin/ld: link errors found, deleting executable `cmTC_41666'
/usr/bin/sha1sum: cmTC_41666: No such file or directory
collect2: error: ld returned 1 exit status
gmake[1]: *** [cmTC_41666] Error 1
gmake[1]: Leaving directory `/home/das90/GNNcodes/CVE2020/GNN-NC/Graph-Sparsification/CPPsamplerPy/build/CMakeFiles/CMakeTmp'
gmake: *** [cmTC_41666/fast] Error 2


Source file was:
#include <pthread.h>

void* test_func(void* data)
{
  return data;
}

int main(void)
{
  pthread_t thread;
  pthread_create(&thread, NULL, test_func, NULL);
  pthread_detach(thread);
  pthread_join(thread, NULL);
  pthread_atfork(NULL, NULL, NULL);
  pthread_exit(NULL);

  return 0;
}

Determining if the function pthread_create exists in the pthreads failed with the following output:
Change Dir: /home/das90/GNNcodes/CVE2020/GNN-NC/Graph-Sparsification/CPPsamplerPy/build/CMakeFiles/CMakeTmp

Run Build Command(s):/bin/gmake cmTC_53169/fast && /bin/gmake -f CMakeFiles/cmTC_53169.dir/build.make CMakeFiles/cmTC_53169.dir/build
gmake[1]: Entering directory `/home/das90/GNNcodes/CVE2020/GNN-NC/Graph-Sparsification/CPPsamplerPy/build/CMakeFiles/CMakeTmp'
Building C object CMakeFiles/cmTC_53169.dir/CheckFunctionExists.c.o
/apps/spack/gilbreth/apps/gcc/9.3.0-gcc-4.8.5-lquyj5b/bin/gcc   -DCHECK_FUNCTION_EXISTS=pthread_create   -o CMakeFiles/cmTC_53169.dir/CheckFunctionExists.c.o   -c /apps/spack/gilbreth/apps/cmake/3.15.4-gcc-4.8.5-n32j6id/share/cmake-3.15/Modules/CheckFunctionExists.c
Linking C executable cmTC_53169
/apps/spack/gilbreth/apps/cmake/3.15.4-gcc-4.8.5-n32j6id/bin/cmake -E cmake_link_script CMakeFiles/cmTC_53169.dir/link.txt --verbose=1
/apps/spack/gilbreth/apps/gcc/9.3.0-gcc-4.8.5-lquyj5b/bin/gcc  -DCHECK_FUNCTION_EXISTS=pthread_create    -rdynamic CMakeFiles/cmTC_53169.dir/CheckFunctionExists.c.o  -o cmTC_53169 -lpthreads 
/usr/bin/uuidgen: /apps/spack/gilbreth/apps/anaconda/2020.11-py38-gcc-4.8.5-djkvkvk/lib/libuuid.so.1: no version information available (required by /usr/bin/uuidgen)
/bin/ld: cannot find -lpthreads
/usr/bin/sha1sum: cmTC_53169: No such file or directory
collect2: error: ld returned 1 exit status
gmake[1]: *** [cmTC_53169] Error 1
gmake[1]: Leaving directory `/home/das90/GNNcodes/CVE2020/GNN-NC/Graph-Sparsification/CPPsamplerPy/build/CMakeFiles/CMakeTmp'
gmake: *** [cmTC_53169/fast] Error 2



